This file contains any messages produced by compilers while
running configure, to aid debugging if configure makes a mistake.

It was created by ShaderExamples configure 0.1, which was
generated by GNU Autoconf 2.69.  Invocation command line was

  $ /home/ee105/OpenGl/OGtest/glex/configure 

## --------- ##
## Platform. ##
## --------- ##

hostname = moco204L-022.university.brighton.ac.uk
uname -m = x86_64
uname -r = 4.7.3-200.fc24.x86_64
uname -s = Linux
uname -v = #1 SMP Wed Sep 7 17:31:21 UTC 2016

/usr/bin/uname -p = x86_64
/bin/uname -X     = unknown

/bin/arch              = x86_64
/usr/bin/arch -k       = unknown
/usr/convex/getsysinfo = unknown
/usr/bin/hostinfo      = unknown
/bin/machine           = unknown
/usr/bin/oslevel       = unknown
/bin/universe          = unknown

PATH: /usr/local/apache-maven-3.2.1/bin
PATH: /usr/lib64/qt-3.3/bin
PATH: /usr/lib64/ccache
PATH: /usr/local/bin
PATH: /usr/local/sbin
PATH: /usr/bin
PATH: /usr/sbin
PATH: /usr/lib/jvm/java-1.8.0-openjdk-1.8.0.102-1.b14.fc24.x86_64/jre/bin
PATH: /home/ee105/.local/bin
PATH: /home/ee105/bin


## ----------- ##
## Core tests. ##
## ----------- ##

configure:2430: checking for a BSD-compatible install
configure:2498: result: /usr/bin/install -c
configure:2509: checking whether build environment is sane
configure:2564: result: yes
configure:2715: checking for a thread-safe mkdir -p
configure:2754: result: /usr/bin/mkdir -p
configure:2761: checking for gawk
configure:2777: found /usr/bin/gawk
configure:2788: result: gawk
configure:2799: checking whether make sets $(MAKE)
configure:2821: result: yes
configure:2850: checking whether make supports nested variables
configure:2867: result: yes
configure:3026: checking build system type
configure:3040: result: x86_64-unknown-linux-gnu
configure:3060: checking host system type
configure:3073: result: x86_64-unknown-linux-gnu
configure:3114: checking how to print strings
configure:3141: result: printf
configure:3174: checking for style of include used by make
configure:3202: result: GNU
configure:3273: checking for gcc
configure:3289: found /usr/lib64/ccache/gcc
configure:3300: result: gcc
configure:3529: checking for C compiler version
configure:3538: gcc --version >&5
gcc (GCC) 6.2.1 20160916 (Red Hat 6.2.1-2)
Copyright (C) 2016 Free Software Foundation, Inc.
This is free software; see the source for copying conditions.  There is NO
warranty; not even for MERCHANTABILITY or FITNESS FOR A PARTICULAR PURPOSE.

configure:3549: $? = 0
configure:3538: gcc -v >&5
Using built-in specs.
COLLECT_GCC=/usr/bin/gcc
COLLECT_LTO_WRAPPER=/usr/libexec/gcc/x86_64-redhat-linux/6.2.1/lto-wrapper
Target: x86_64-redhat-linux
Configured with: ../configure --enable-bootstrap --enable-languages=c,c++,objc,obj-c++,fortran,ada,go,lto --prefix=/usr --mandir=/usr/share/man --infodir=/usr/share/info --with-bugurl=http://bugzilla.redhat.com/bugzilla --enable-shared --enable-threads=posix --enable-checking=release --enable-multilib --with-system-zlib --enable-__cxa_atexit --disable-libunwind-exceptions --enable-gnu-unique-object --enable-linker-build-id --with-linker-hash-style=gnu --enable-plugin --enable-initfini-array --disable-libgcj --with-isl --enable-libmpx --enable-gnu-indirect-function --with-tune=generic --with-arch_32=i686 --build=x86_64-redhat-linux
Thread model: posix
gcc version 6.2.1 20160916 (Red Hat 6.2.1-2) (GCC) 
configure:3549: $? = 0
configure:3538: gcc -V >&5
gcc: error: unrecognized command line option '-V'
gcc: fatal error: no input files
compilation terminated.
configure:3549: $? = 1
configure:3538: gcc -qversion >&5
gcc: error: unrecognized command line option '-qversion'; did you mean '--version'?
gcc: fatal error: no input files
compilation terminated.
configure:3549: $? = 1
configure:3569: checking whether the C compiler works
configure:3591: gcc    conftest.c  >&5
configure:3595: $? = 0
configure:3643: result: yes
configure:3646: checking for C compiler default output file name
configure:3648: result: a.out
configure:3654: checking for suffix of executables
configure:3661: gcc -o conftest    conftest.c  >&5
configure:3665: $? = 0
configure:3687: result: 
configure:3709: checking whether we are cross compiling
configure:3717: gcc -o conftest    conftest.c  >&5
configure:3721: $? = 0
configure:3728: ./conftest
configure:3732: $? = 0
configure:3747: result: no
configure:3752: checking for suffix of object files
configure:3774: gcc -c   conftest.c >&5
configure:3778: $? = 0
configure:3799: result: o
configure:3803: checking whether we are using the GNU C compiler
configure:3822: gcc -c   conftest.c >&5
configure:3822: $? = 0
configure:3831: result: yes
configure:3840: checking whether gcc accepts -g
configure:3860: gcc -c -g  conftest.c >&5
configure:3860: $? = 0
configure:3901: result: yes
configure:3918: checking for gcc option to accept ISO C89
configure:3981: gcc  -c -g -O2  conftest.c >&5
configure:3981: $? = 0
configure:3994: result: none needed
configure:4019: checking whether gcc understands -c and -o together
configure:4041: gcc -c conftest.c -o conftest2.o
configure:4044: $? = 0
configure:4041: gcc -c conftest.c -o conftest2.o
configure:4044: $? = 0
configure:4056: result: yes
configure:4075: checking dependency style of gcc
configure:4186: result: gcc3
configure:4201: checking for a sed that does not truncate output
configure:4265: result: /usr/bin/sed
configure:4283: checking for grep that handles long lines and -e
configure:4341: result: /usr/bin/grep
configure:4346: checking for egrep
configure:4408: result: /usr/bin/grep -E
configure:4413: checking for fgrep
configure:4475: result: /usr/bin/grep -F
configure:4510: checking for ld used by gcc
configure:4577: result: /usr/bin/ld
configure:4584: checking if the linker (/usr/bin/ld) is GNU ld
configure:4599: result: yes
configure:4611: checking for BSD- or MS-compatible name lister (nm)
configure:4665: result: /usr/bin/nm -B
configure:4795: checking the name lister (/usr/bin/nm -B) interface
configure:4802: gcc -c -g -O2  conftest.c >&5
configure:4805: /usr/bin/nm -B "conftest.o"
configure:4808: output
0000000000000000 B some_variable
configure:4815: result: BSD nm
configure:4818: checking whether ln -s works
configure:4822: result: yes
configure:4830: checking the maximum length of command line arguments
configure:4961: result: 1572864
configure:5009: checking how to convert x86_64-unknown-linux-gnu file names to x86_64-unknown-linux-gnu format
configure:5049: result: func_convert_file_noop
configure:5056: checking how to convert x86_64-unknown-linux-gnu file names to toolchain format
configure:5076: result: func_convert_file_noop
configure:5083: checking for /usr/bin/ld option to reload object files
configure:5090: result: -r
configure:5164: checking for objdump
configure:5180: found /usr/bin/objdump
configure:5191: result: objdump
configure:5223: checking how to recognize dependent libraries
configure:5423: result: pass_all
configure:5508: checking for dlltool
configure:5538: result: no
configure:5568: checking how to associate runtime and link libraries
configure:5595: result: printf %s\n
configure:5656: checking for ar
configure:5672: found /usr/bin/ar
configure:5683: result: ar
configure:5720: checking for archiver @FILE support
configure:5737: gcc -c -g -O2  conftest.c >&5
configure:5737: $? = 0
configure:5740: ar cru libconftest.a @conftest.lst >&5
configure:5743: $? = 0
configure:5748: ar cru libconftest.a @conftest.lst >&5
ar: conftest.o: No such file or directory
configure:5751: $? = 1
configure:5763: result: @
configure:5821: checking for strip
configure:5837: found /usr/bin/strip
configure:5848: result: strip
configure:5920: checking for ranlib
configure:5936: found /usr/bin/ranlib
configure:5947: result: ranlib
configure:6049: checking command to parse /usr/bin/nm -B output from gcc object
configure:6202: gcc -c -g -O2  conftest.c >&5
configure:6205: $? = 0
configure:6209: /usr/bin/nm -B conftest.o \| sed -n -e 's/^.*[ ]\([ABCDGIRSTW][ABCDGIRSTW]*\)[ ][ ]*\([_A-Za-z][_A-Za-z0-9]*\)$/\1 \2 \2/p' | sed '/ __gnu_lto/d' \> conftest.nm
configure:6212: $? = 0
configure:6278: gcc -o conftest -g -O2   conftest.c conftstm.o >&5
configure:6281: $? = 0
configure:6319: result: ok
configure:6366: checking for sysroot
configure:6396: result: no
configure:6403: checking for a working dd
configure:6441: result: /usr/bin/dd
configure:6445: checking how to truncate binary pipes
configure:6460: result: /usr/bin/dd bs=4096 count=1
configure:6596: gcc -c -g -O2  conftest.c >&5
configure:6599: $? = 0
configure:6789: checking for mt
configure:6819: result: no
configure:6839: checking if : is a manifest tool
configure:6845: : '-?'
configure:6853: result: no
configure:7530: checking how to run the C preprocessor
configure:7561: gcc -E  conftest.c
configure:7561: $? = 0
configure:7575: gcc -E  conftest.c
conftest.c:11:28: fatal error: ac_nonexistent.h: No such file or directory
 #include <ac_nonexistent.h>
                            ^
compilation terminated.
configure:7575: $? = 1
configure: failed program was:
| /* confdefs.h */
| #define PACKAGE_NAME "ShaderExamples"
| #define PACKAGE_TARNAME "shaderexamples"
| #define PACKAGE_VERSION "0.1"
| #define PACKAGE_STRING "ShaderExamples 0.1"
| #define PACKAGE_BUGREPORT ""
| #define PACKAGE_URL ""
| #define PACKAGE "shaderexamples"
| #define VERSION "0.1"
| /* end confdefs.h.  */
| #include <ac_nonexistent.h>
configure:7600: result: gcc -E
configure:7620: gcc -E  conftest.c
configure:7620: $? = 0
configure:7634: gcc -E  conftest.c
conftest.c:11:28: fatal error: ac_nonexistent.h: No such file or directory
 #include <ac_nonexistent.h>
                            ^
compilation terminated.
configure:7634: $? = 1
configure: failed program was:
| /* confdefs.h */
| #define PACKAGE_NAME "ShaderExamples"
| #define PACKAGE_TARNAME "shaderexamples"
| #define PACKAGE_VERSION "0.1"
| #define PACKAGE_STRING "ShaderExamples 0.1"
| #define PACKAGE_BUGREPORT ""
| #define PACKAGE_URL ""
| #define PACKAGE "shaderexamples"
| #define VERSION "0.1"
| /* end confdefs.h.  */
| #include <ac_nonexistent.h>
configure:7663: checking for ANSI C header files
configure:7683: gcc -c -g -O2  conftest.c >&5
configure:7683: $? = 0
configure:7756: gcc -o conftest -g -O2   conftest.c  >&5
configure:7756: $? = 0
configure:7756: ./conftest
configure:7756: $? = 0
configure:7767: result: yes
configure:7780: checking for sys/types.h
configure:7780: gcc -c -g -O2  conftest.c >&5
configure:7780: $? = 0
configure:7780: result: yes
configure:7780: checking for sys/stat.h
configure:7780: gcc -c -g -O2  conftest.c >&5
configure:7780: $? = 0
configure:7780: result: yes
configure:7780: checking for stdlib.h
configure:7780: gcc -c -g -O2  conftest.c >&5
configure:7780: $? = 0
configure:7780: result: yes
configure:7780: checking for string.h
configure:7780: gcc -c -g -O2  conftest.c >&5
configure:7780: $? = 0
configure:7780: result: yes
configure:7780: checking for memory.h
configure:7780: gcc -c -g -O2  conftest.c >&5
configure:7780: $? = 0
configure:7780: result: yes
configure:7780: checking for strings.h
configure:7780: gcc -c -g -O2  conftest.c >&5
configure:7780: $? = 0
configure:7780: result: yes
configure:7780: checking for inttypes.h
configure:7780: gcc -c -g -O2  conftest.c >&5
configure:7780: $? = 0
configure:7780: result: yes
configure:7780: checking for stdint.h
configure:7780: gcc -c -g -O2  conftest.c >&5
configure:7780: $? = 0
configure:7780: result: yes
configure:7780: checking for unistd.h
configure:7780: gcc -c -g -O2  conftest.c >&5
configure:7780: $? = 0
configure:7780: result: yes
configure:7794: checking for dlfcn.h
configure:7794: gcc -c -g -O2  conftest.c >&5
configure:7794: $? = 0
configure:7794: result: yes
configure:8050: checking for objdir
configure:8065: result: .libs
configure:8329: checking if gcc supports -fno-rtti -fno-exceptions
configure:8347: gcc -c -g -O2  -fno-rtti -fno-exceptions conftest.c >&5
cc1: warning: command line option '-fno-rtti' is valid for C++/ObjC++ but not for C
configure:8351: $? = 0
configure:8364: result: no
configure:8722: checking for gcc option to produce PIC
configure:8729: result: -fPIC -DPIC
configure:8737: checking if gcc PIC flag -fPIC -DPIC works
configure:8755: gcc -c -g -O2  -fPIC -DPIC -DPIC conftest.c >&5
configure:8759: $? = 0
configure:8772: result: yes
configure:8801: checking if gcc static flag -static works
configure:8829: result: no
configure:8844: checking if gcc supports -c -o file.o
configure:8865: gcc -c -g -O2  -o out/conftest2.o conftest.c >&5
configure:8869: $? = 0
configure:8891: result: yes
configure:8899: checking if gcc supports -c -o file.o
configure:8946: result: yes
configure:8979: checking whether the gcc linker (/usr/bin/ld -m elf_x86_64) supports shared libraries
configure:10238: result: yes
configure:10275: checking whether -lc should be explicitly linked in
configure:10283: gcc -c -g -O2  conftest.c >&5
configure:10286: $? = 0
configure:10301: gcc -shared  -fPIC -DPIC conftest.o  -v -Wl,-soname -Wl,conftest -o conftest 2\>\&1 \| /usr/bin/grep  -lc  \>/dev/null 2\>\&1
configure:10304: $? = 0
configure:10318: result: no
configure:10478: checking dynamic linker characteristics
configure:11059: gcc -o conftest -g -O2   -Wl,-rpath -Wl,/foo conftest.c  >&5
configure:11059: $? = 0
configure:11299: result: GNU/Linux ld.so
configure:11421: checking how to hardcode library paths into programs
configure:11446: result: immediate
configure:11994: checking whether stripping libraries is possible
configure:11999: result: yes
configure:12034: checking if libtool supports shared libraries
configure:12036: result: yes
configure:12039: checking whether to build shared libraries
configure:12064: result: yes
configure:12067: checking whether to build static libraries
configure:12071: result: yes
configure:12166: checking for g++
configure:12182: found /usr/lib64/ccache/g++
configure:12193: result: g++
configure:12220: checking for C++ compiler version
configure:12229: g++ --version >&5
g++ (GCC) 6.2.1 20160916 (Red Hat 6.2.1-2)
Copyright (C) 2016 Free Software Foundation, Inc.
This is free software; see the source for copying conditions.  There is NO
warranty; not even for MERCHANTABILITY or FITNESS FOR A PARTICULAR PURPOSE.

configure:12240: $? = 0
configure:12229: g++ -v >&5
Using built-in specs.
COLLECT_GCC=/usr/bin/g++
COLLECT_LTO_WRAPPER=/usr/libexec/gcc/x86_64-redhat-linux/6.2.1/lto-wrapper
Target: x86_64-redhat-linux
Configured with: ../configure --enable-bootstrap --enable-languages=c,c++,objc,obj-c++,fortran,ada,go,lto --prefix=/usr --mandir=/usr/share/man --infodir=/usr/share/info --with-bugurl=http://bugzilla.redhat.com/bugzilla --enable-shared --enable-threads=posix --enable-checking=release --enable-multilib --with-system-zlib --enable-__cxa_atexit --disable-libunwind-exceptions --enable-gnu-unique-object --enable-linker-build-id --with-linker-hash-style=gnu --enable-plugin --enable-initfini-array --disable-libgcj --with-isl --enable-libmpx --enable-gnu-indirect-function --with-tune=generic --with-arch_32=i686 --build=x86_64-redhat-linux
Thread model: posix
gcc version 6.2.1 20160916 (Red Hat 6.2.1-2) (GCC) 
configure:12240: $? = 0
configure:12229: g++ -V >&5
g++: error: unrecognized command line option '-V'
g++: fatal error: no input files
compilation terminated.
configure:12240: $? = 1
configure:12229: g++ -qversion >&5
g++: error: unrecognized command line option '-qversion'; did you mean '--version'?
g++: fatal error: no input files
compilation terminated.
configure:12240: $? = 1
configure:12244: checking whether we are using the GNU C++ compiler
configure:12263: g++ -c   conftest.cpp >&5
configure:12263: $? = 0
configure:12272: result: yes
configure:12281: checking whether g++ accepts -g
configure:12301: g++ -c -g  conftest.cpp >&5
configure:12301: $? = 0
configure:12342: result: yes
configure:12367: checking dependency style of g++
configure:12478: result: gcc3
configure:12511: checking how to run the C++ preprocessor
configure:12538: g++ -E  conftest.cpp
configure:12538: $? = 0
configure:12552: g++ -E  conftest.cpp
conftest.cpp:23:28: fatal error: ac_nonexistent.h: No such file or directory
 #include <ac_nonexistent.h>
                            ^
compilation terminated.
configure:12552: $? = 1
configure: failed program was:
| /* confdefs.h */
| #define PACKAGE_NAME "ShaderExamples"
| #define PACKAGE_TARNAME "shaderexamples"
| #define PACKAGE_VERSION "0.1"
| #define PACKAGE_STRING "ShaderExamples 0.1"
| #define PACKAGE_BUGREPORT ""
| #define PACKAGE_URL ""
| #define PACKAGE "shaderexamples"
| #define VERSION "0.1"
| #define STDC_HEADERS 1
| #define HAVE_SYS_TYPES_H 1
| #define HAVE_SYS_STAT_H 1
| #define HAVE_STDLIB_H 1
| #define HAVE_STRING_H 1
| #define HAVE_MEMORY_H 1
| #define HAVE_STRINGS_H 1
| #define HAVE_INTTYPES_H 1
| #define HAVE_STDINT_H 1
| #define HAVE_UNISTD_H 1
| #define HAVE_DLFCN_H 1
| #define LT_OBJDIR ".libs/"
| /* end confdefs.h.  */
| #include <ac_nonexistent.h>
configure:12577: result: g++ -E
configure:12597: g++ -E  conftest.cpp
configure:12597: $? = 0
configure:12611: g++ -E  conftest.cpp
conftest.cpp:23:28: fatal error: ac_nonexistent.h: No such file or directory
 #include <ac_nonexistent.h>
                            ^
compilation terminated.
configure:12611: $? = 1
configure: failed program was:
| /* confdefs.h */
| #define PACKAGE_NAME "ShaderExamples"
| #define PACKAGE_TARNAME "shaderexamples"
| #define PACKAGE_VERSION "0.1"
| #define PACKAGE_STRING "ShaderExamples 0.1"
| #define PACKAGE_BUGREPORT ""
| #define PACKAGE_URL ""
| #define PACKAGE "shaderexamples"
| #define VERSION "0.1"
| #define STDC_HEADERS 1
| #define HAVE_SYS_TYPES_H 1
| #define HAVE_SYS_STAT_H 1
| #define HAVE_STDLIB_H 1
| #define HAVE_STRING_H 1
| #define HAVE_MEMORY_H 1
| #define HAVE_STRINGS_H 1
| #define HAVE_INTTYPES_H 1
| #define HAVE_STDINT_H 1
| #define HAVE_UNISTD_H 1
| #define HAVE_DLFCN_H 1
| #define LT_OBJDIR ".libs/"
| /* end confdefs.h.  */
| #include <ac_nonexistent.h>
configure:12773: checking for ld used by g++
configure:12840: result: /usr/bin/ld -m elf_x86_64
configure:12847: checking if the linker (/usr/bin/ld -m elf_x86_64) is GNU ld
configure:12862: result: yes
configure:12917: checking whether the g++ linker (/usr/bin/ld -m elf_x86_64) supports shared libraries
configure:13990: result: yes
configure:14026: g++ -c -g -O2  conftest.cpp >&5
configure:14029: $? = 0
configure:14510: checking for g++ option to produce PIC
configure:14517: result: -fPIC -DPIC
configure:14525: checking if g++ PIC flag -fPIC -DPIC works
configure:14543: g++ -c -g -O2  -fPIC -DPIC -DPIC conftest.cpp >&5
configure:14547: $? = 0
configure:14560: result: yes
configure:14583: checking if g++ static flag -static works
configure:14611: result: no
configure:14623: checking if g++ supports -c -o file.o
configure:14644: g++ -c -g -O2  -o out/conftest2.o conftest.cpp >&5
configure:14648: $? = 0
configure:14670: result: yes
configure:14675: checking if g++ supports -c -o file.o
configure:14722: result: yes
configure:14752: checking whether the g++ linker (/usr/bin/ld -m elf_x86_64) supports shared libraries
configure:14792: result: yes
configure:14933: checking dynamic linker characteristics
configure:15681: result: GNU/Linux ld.so
configure:15746: checking how to hardcode library paths into programs
configure:15771: result: immediate
configure: this is boost.m4 serial 25
configure:15847: checking for Boost headers version >= 0.0.0
configure:15918: g++ -c -g -O2  conftest.cpp >&5
configure:15918: $? = 0
configure:15939: result: yes
configure:15958: checking for Boost's header version
configure:15988: result: 1_60
configure:16000: checking for the toolset name used by Boost for g++
configure:16122: g++ -c -g -O2  conftest.cpp >&5
conftest.cpp:28:3: error: #error defined __GNUC__ && __GNUC__ == 5 && __GNUC_MINOR__ == 2 && !defined __ICC && (defined WIN32 || defined WINNT || defined _WIN32 || defined __WIN32 || defined __WIN32__ || defined __WINNT || defined __WINNT__)
 # error defined __GNUC__ && __GNUC__ == 5 && __GNUC_MINOR__ == 2 && !defined __ICC &&   (defined WIN32 || defined WINNT || defined _WIN32 || defined __WIN32          || defined __WIN32__ || defined __WINNT || defined __WINNT__)
   ^~~~~
configure:16122: $? = 1
configure: failed program was:
| /* confdefs.h */
| #define PACKAGE_NAME "ShaderExamples"
| #define PACKAGE_TARNAME "shaderexamples"
| #define PACKAGE_VERSION "0.1"
| #define PACKAGE_STRING "ShaderExamples 0.1"
| #define PACKAGE_BUGREPORT ""
| #define PACKAGE_URL ""
| #define PACKAGE "shaderexamples"
| #define VERSION "0.1"
| #define STDC_HEADERS 1
| #define HAVE_SYS_TYPES_H 1
| #define HAVE_SYS_STAT_H 1
| #define HAVE_STDLIB_H 1
| #define HAVE_STRING_H 1
| #define HAVE_MEMORY_H 1
| #define HAVE_STRINGS_H 1
| #define HAVE_INTTYPES_H 1
| #define HAVE_STDINT_H 1
| #define HAVE_UNISTD_H 1
| #define HAVE_DLFCN_H 1
| #define LT_OBJDIR ".libs/"
| #define HAVE_BOOST 1
| /* end confdefs.h.  */
| 
| #if defined __GNUC__ && __GNUC__ == 5 && __GNUC_MINOR__ == 2 && !defined __ICC &&   (defined WIN32 || defined WINNT || defined _WIN32 || defined __WIN32          || defined __WIN32__ || defined __WINNT || defined __WINNT__)
| /* OK */
| #else
| # error defined __GNUC__ && __GNUC__ == 5 && __GNUC_MINOR__ == 2 && !defined __ICC &&   (defined WIN32 || defined WINNT || defined _WIN32 || defined __WIN32          || defined __WIN32__ || defined __WINNT || defined __WINNT__)
| #endif
| 
| int
| main ()
| {
| 
|   ;
|   return 0;
| }
configure:16122: g++ -c -g -O2  conftest.cpp >&5
conftest.cpp:28:3: error: #error defined __GNUC__ && __GNUC__ == 5 && __GNUC_MINOR__ == 2 && !defined __ICC
 # error defined __GNUC__ && __GNUC__ == 5 && __GNUC_MINOR__ == 2 && !defined __ICC
   ^~~~~
configure:16122: $? = 1
configure: failed program was:
| /* confdefs.h */
| #define PACKAGE_NAME "ShaderExamples"
| #define PACKAGE_TARNAME "shaderexamples"
| #define PACKAGE_VERSION "0.1"
| #define PACKAGE_STRING "ShaderExamples 0.1"
| #define PACKAGE_BUGREPORT ""
| #define PACKAGE_URL ""
| #define PACKAGE "shaderexamples"
| #define VERSION "0.1"
| #define STDC_HEADERS 1
| #define HAVE_SYS_TYPES_H 1
| #define HAVE_SYS_STAT_H 1
| #define HAVE_STDLIB_H 1
| #define HAVE_STRING_H 1
| #define HAVE_MEMORY_H 1
| #define HAVE_STRINGS_H 1
| #define HAVE_INTTYPES_H 1
| #define HAVE_STDINT_H 1
| #define HAVE_UNISTD_H 1
| #define HAVE_DLFCN_H 1
| #define LT_OBJDIR ".libs/"
| #define HAVE_BOOST 1
| /* end confdefs.h.  */
| 
| #if defined __GNUC__ && __GNUC__ == 5 && __GNUC_MINOR__ == 2 && !defined __ICC
| /* OK */
| #else
| # error defined __GNUC__ && __GNUC__ == 5 && __GNUC_MINOR__ == 2 && !defined __ICC
| #endif
| 
| int
| main ()
| {
| 
|   ;
|   return 0;
| }
configure:16122: g++ -c -g -O2  conftest.cpp >&5
conftest.cpp:28:3: error: #error defined __GNUC__ && __GNUC__ == 5 && __GNUC_MINOR__ == 1 && !defined __ICC && (defined WIN32 || defined WINNT || defined _WIN32 || defined __WIN32 || defined __WIN32__ || defined __WINNT || defined __WINNT__)
 # error defined __GNUC__ && __GNUC__ == 5 && __GNUC_MINOR__ == 1 && !defined __ICC &&   (defined WIN32 || defined WINNT || defined _WIN32 || defined __WIN32          || defined __WIN32__ || defined __WINNT || defined __WINNT__)
   ^~~~~
configure:16122: $? = 1
configure: failed program was:
| /* confdefs.h */
| #define PACKAGE_NAME "ShaderExamples"
| #define PACKAGE_TARNAME "shaderexamples"
| #define PACKAGE_VERSION "0.1"
| #define PACKAGE_STRING "ShaderExamples 0.1"
| #define PACKAGE_BUGREPORT ""
| #define PACKAGE_URL ""
| #define PACKAGE "shaderexamples"
| #define VERSION "0.1"
| #define STDC_HEADERS 1
| #define HAVE_SYS_TYPES_H 1
| #define HAVE_SYS_STAT_H 1
| #define HAVE_STDLIB_H 1
| #define HAVE_STRING_H 1
| #define HAVE_MEMORY_H 1
| #define HAVE_STRINGS_H 1
| #define HAVE_INTTYPES_H 1
| #define HAVE_STDINT_H 1
| #define HAVE_UNISTD_H 1
| #define HAVE_DLFCN_H 1
| #define LT_OBJDIR ".libs/"
| #define HAVE_BOOST 1
| /* end confdefs.h.  */
| 
| #if defined __GNUC__ && __GNUC__ == 5 && __GNUC_MINOR__ == 1 && !defined __ICC &&   (defined WIN32 || defined WINNT || defined _WIN32 || defined __WIN32          || defined __WIN32__ || defined __WINNT || defined __WINNT__)
| /* OK */
| #else
| # error defined __GNUC__ && __GNUC__ == 5 && __GNUC_MINOR__ == 1 && !defined __ICC &&   (defined WIN32 || defined WINNT || defined _WIN32 || defined __WIN32          || defined __WIN32__ || defined __WINNT || defined __WINNT__)
| #endif
| 
| int
| main ()
| {
| 
|   ;
|   return 0;
| }
configure:16122: g++ -c -g -O2  conftest.cpp >&5
conftest.cpp:28:3: error: #error defined __GNUC__ && __GNUC__ == 5 && __GNUC_MINOR__ == 1 && !defined __ICC
 # error defined __GNUC__ && __GNUC__ == 5 && __GNUC_MINOR__ == 1 && !defined __ICC
   ^~~~~
configure:16122: $? = 1
configure: failed program was:
| /* confdefs.h */
| #define PACKAGE_NAME "ShaderExamples"
| #define PACKAGE_TARNAME "shaderexamples"
| #define PACKAGE_VERSION "0.1"
| #define PACKAGE_STRING "ShaderExamples 0.1"
| #define PACKAGE_BUGREPORT ""
| #define PACKAGE_URL ""
| #define PACKAGE "shaderexamples"
| #define VERSION "0.1"
| #define STDC_HEADERS 1
| #define HAVE_SYS_TYPES_H 1
| #define HAVE_SYS_STAT_H 1
| #define HAVE_STDLIB_H 1
| #define HAVE_STRING_H 1
| #define HAVE_MEMORY_H 1
| #define HAVE_STRINGS_H 1
| #define HAVE_INTTYPES_H 1
| #define HAVE_STDINT_H 1
| #define HAVE_UNISTD_H 1
| #define HAVE_DLFCN_H 1
| #define LT_OBJDIR ".libs/"
| #define HAVE_BOOST 1
| /* end confdefs.h.  */
| 
| #if defined __GNUC__ && __GNUC__ == 5 && __GNUC_MINOR__ == 1 && !defined __ICC
| /* OK */
| #else
| # error defined __GNUC__ && __GNUC__ == 5 && __GNUC_MINOR__ == 1 && !defined __ICC
| #endif
| 
| int
| main ()
| {
| 
|   ;
|   return 0;
| }
configure:16122: g++ -c -g -O2  conftest.cpp >&5
conftest.cpp:28:3: error: #error defined __GNUC__ && __GNUC__ == 5 && __GNUC_MINOR__ == 0 && !defined __ICC && (defined WIN32 || defined WINNT || defined _WIN32 || defined __WIN32 || defined __WIN32__ || defined __WINNT || defined __WINNT__)
 # error defined __GNUC__ && __GNUC__ == 5 && __GNUC_MINOR__ == 0 && !defined __ICC &&   (defined WIN32 || defined WINNT || defined _WIN32 || defined __WIN32          || defined __WIN32__ || defined __WINNT || defined __WINNT__)
   ^~~~~
configure:16122: $? = 1
configure: failed program was:
| /* confdefs.h */
| #define PACKAGE_NAME "ShaderExamples"
| #define PACKAGE_TARNAME "shaderexamples"
| #define PACKAGE_VERSION "0.1"
| #define PACKAGE_STRING "ShaderExamples 0.1"
| #define PACKAGE_BUGREPORT ""
| #define PACKAGE_URL ""
| #define PACKAGE "shaderexamples"
| #define VERSION "0.1"
| #define STDC_HEADERS 1
| #define HAVE_SYS_TYPES_H 1
| #define HAVE_SYS_STAT_H 1
| #define HAVE_STDLIB_H 1
| #define HAVE_STRING_H 1
| #define HAVE_MEMORY_H 1
| #define HAVE_STRINGS_H 1
| #define HAVE_INTTYPES_H 1
| #define HAVE_STDINT_H 1
| #define HAVE_UNISTD_H 1
| #define HAVE_DLFCN_H 1
| #define LT_OBJDIR ".libs/"
| #define HAVE_BOOST 1
| /* end confdefs.h.  */
| 
| #if defined __GNUC__ && __GNUC__ == 5 && __GNUC_MINOR__ == 0 && !defined __ICC &&   (defined WIN32 || defined WINNT || defined _WIN32 || defined __WIN32          || defined __WIN32__ || defined __WINNT || defined __WINNT__)
| /* OK */
| #else
| # error defined __GNUC__ && __GNUC__ == 5 && __GNUC_MINOR__ == 0 && !defined __ICC &&   (defined WIN32 || defined WINNT || defined _WIN32 || defined __WIN32          || defined __WIN32__ || defined __WINNT || defined __WINNT__)
| #endif
| 
| int
| main ()
| {
| 
|   ;
|   return 0;
| }
configure:16122: g++ -c -g -O2  conftest.cpp >&5
conftest.cpp:28:3: error: #error defined __GNUC__ && __GNUC__ == 5 && __GNUC_MINOR__ == 0 && !defined __ICC
 # error defined __GNUC__ && __GNUC__ == 5 && __GNUC_MINOR__ == 0 && !defined __ICC
   ^~~~~
configure:16122: $? = 1
configure: failed program was:
| /* confdefs.h */
| #define PACKAGE_NAME "ShaderExamples"
| #define PACKAGE_TARNAME "shaderexamples"
| #define PACKAGE_VERSION "0.1"
| #define PACKAGE_STRING "ShaderExamples 0.1"
| #define PACKAGE_BUGREPORT ""
| #define PACKAGE_URL ""
| #define PACKAGE "shaderexamples"
| #define VERSION "0.1"
| #define STDC_HEADERS 1
| #define HAVE_SYS_TYPES_H 1
| #define HAVE_SYS_STAT_H 1
| #define HAVE_STDLIB_H 1
| #define HAVE_STRING_H 1
| #define HAVE_MEMORY_H 1
| #define HAVE_STRINGS_H 1
| #define HAVE_INTTYPES_H 1
| #define HAVE_STDINT_H 1
| #define HAVE_UNISTD_H 1
| #define HAVE_DLFCN_H 1
| #define LT_OBJDIR ".libs/"
| #define HAVE_BOOST 1
| /* end confdefs.h.  */
| 
| #if defined __GNUC__ && __GNUC__ == 5 && __GNUC_MINOR__ == 0 && !defined __ICC
| /* OK */
| #else
| # error defined __GNUC__ && __GNUC__ == 5 && __GNUC_MINOR__ == 0 && !defined __ICC
| #endif
| 
| int
| main ()
| {
| 
|   ;
|   return 0;
| }
configure:16122: g++ -c -g -O2  conftest.cpp >&5
conftest.cpp:28:3: error: #error defined __GNUC__ && __GNUC__ == 4 && __GNUC_MINOR__ == 10 && !defined __ICC && (defined WIN32 || defined WINNT || defined _WIN32 || defined __WIN32 || defined __WIN32__ || defined __WINNT || defined __WINNT__)
 # error defined __GNUC__ && __GNUC__ == 4 && __GNUC_MINOR__ == 10 && !defined __ICC &&   (defined WIN32 || defined WINNT || defined _WIN32 || defined __WIN32          || defined __WIN32__ || defined __WINNT || defined __WINNT__)
   ^~~~~
configure:16122: $? = 1
configure: failed program was:
| /* confdefs.h */
| #define PACKAGE_NAME "ShaderExamples"
| #define PACKAGE_TARNAME "shaderexamples"
| #define PACKAGE_VERSION "0.1"
| #define PACKAGE_STRING "ShaderExamples 0.1"
| #define PACKAGE_BUGREPORT ""
| #define PACKAGE_URL ""
| #define PACKAGE "shaderexamples"
| #define VERSION "0.1"
| #define STDC_HEADERS 1
| #define HAVE_SYS_TYPES_H 1
| #define HAVE_SYS_STAT_H 1
| #define HAVE_STDLIB_H 1
| #define HAVE_STRING_H 1
| #define HAVE_MEMORY_H 1
| #define HAVE_STRINGS_H 1
| #define HAVE_INTTYPES_H 1
| #define HAVE_STDINT_H 1
| #define HAVE_UNISTD_H 1
| #define HAVE_DLFCN_H 1
| #define LT_OBJDIR ".libs/"
| #define HAVE_BOOST 1
| /* end confdefs.h.  */
| 
| #if defined __GNUC__ && __GNUC__ == 4 && __GNUC_MINOR__ == 10 && !defined __ICC &&   (defined WIN32 || defined WINNT || defined _WIN32 || defined __WIN32          || defined __WIN32__ || defined __WINNT || defined __WINNT__)
| /* OK */
| #else
| # error defined __GNUC__ && __GNUC__ == 4 && __GNUC_MINOR__ == 10 && !defined __ICC &&   (defined WIN32 || defined WINNT || defined _WIN32 || defined __WIN32          || defined __WIN32__ || defined __WINNT || defined __WINNT__)
| #endif
| 
| int
| main ()
| {
| 
|   ;
|   return 0;
| }
configure:16122: g++ -c -g -O2  conftest.cpp >&5
conftest.cpp:28:3: error: #error defined __GNUC__ && __GNUC__ == 4 && __GNUC_MINOR__ == 10 && !defined __ICC
 # error defined __GNUC__ && __GNUC__ == 4 && __GNUC_MINOR__ == 10 && !defined __ICC
   ^~~~~
configure:16122: $? = 1
configure: failed program was:
| /* confdefs.h */
| #define PACKAGE_NAME "ShaderExamples"
| #define PACKAGE_TARNAME "shaderexamples"
| #define PACKAGE_VERSION "0.1"
| #define PACKAGE_STRING "ShaderExamples 0.1"
| #define PACKAGE_BUGREPORT ""
| #define PACKAGE_URL ""
| #define PACKAGE "shaderexamples"
| #define VERSION "0.1"
| #define STDC_HEADERS 1
| #define HAVE_SYS_TYPES_H 1
| #define HAVE_SYS_STAT_H 1
| #define HAVE_STDLIB_H 1
| #define HAVE_STRING_H 1
| #define HAVE_MEMORY_H 1
| #define HAVE_STRINGS_H 1
| #define HAVE_INTTYPES_H 1
| #define HAVE_STDINT_H 1
| #define HAVE_UNISTD_H 1
| #define HAVE_DLFCN_H 1
| #define LT_OBJDIR ".libs/"
| #define HAVE_BOOST 1
| /* end confdefs.h.  */
| 
| #if defined __GNUC__ && __GNUC__ == 4 && __GNUC_MINOR__ == 10 && !defined __ICC
| /* OK */
| #else
| # error defined __GNUC__ && __GNUC__ == 4 && __GNUC_MINOR__ == 10 && !defined __ICC
| #endif
| 
| int
| main ()
| {
| 
|   ;
|   return 0;
| }
configure:16122: g++ -c -g -O2  conftest.cpp >&5
conftest.cpp:28:3: error: #error defined __GNUC__ && __GNUC__ == 4 && __GNUC_MINOR__ == 9 && !defined __ICC && (defined WIN32 || defined WINNT || defined _WIN32 || defined __WIN32 || defined __WIN32__ || defined __WINNT || defined __WINNT__)
 # error defined __GNUC__ && __GNUC__ == 4 && __GNUC_MINOR__ == 9 && !defined __ICC &&   (defined WIN32 || defined WINNT || defined _WIN32 || defined __WIN32          || defined __WIN32__ || defined __WINNT || defined __WINNT__)
   ^~~~~
configure:16122: $? = 1
configure: failed program was:
| /* confdefs.h */
| #define PACKAGE_NAME "ShaderExamples"
| #define PACKAGE_TARNAME "shaderexamples"
| #define PACKAGE_VERSION "0.1"
| #define PACKAGE_STRING "ShaderExamples 0.1"
| #define PACKAGE_BUGREPORT ""
| #define PACKAGE_URL ""
| #define PACKAGE "shaderexamples"
| #define VERSION "0.1"
| #define STDC_HEADERS 1
| #define HAVE_SYS_TYPES_H 1
| #define HAVE_SYS_STAT_H 1
| #define HAVE_STDLIB_H 1
| #define HAVE_STRING_H 1
| #define HAVE_MEMORY_H 1
| #define HAVE_STRINGS_H 1
| #define HAVE_INTTYPES_H 1
| #define HAVE_STDINT_H 1
| #define HAVE_UNISTD_H 1
| #define HAVE_DLFCN_H 1
| #define LT_OBJDIR ".libs/"
| #define HAVE_BOOST 1
| /* end confdefs.h.  */
| 
| #if defined __GNUC__ && __GNUC__ == 4 && __GNUC_MINOR__ == 9 && !defined __ICC &&   (defined WIN32 || defined WINNT || defined _WIN32 || defined __WIN32          || defined __WIN32__ || defined __WINNT || defined __WINNT__)
| /* OK */
| #else
| # error defined __GNUC__ && __GNUC__ == 4 && __GNUC_MINOR__ == 9 && !defined __ICC &&   (defined WIN32 || defined WINNT || defined _WIN32 || defined __WIN32          || defined __WIN32__ || defined __WINNT || defined __WINNT__)
| #endif
| 
| int
| main ()
| {
| 
|   ;
|   return 0;
| }
configure:16122: g++ -c -g -O2  conftest.cpp >&5
conftest.cpp:28:3: error: #error defined __GNUC__ && __GNUC__ == 4 && __GNUC_MINOR__ == 9 && !defined __ICC
 # error defined __GNUC__ && __GNUC__ == 4 && __GNUC_MINOR__ == 9 && !defined __ICC
   ^~~~~
configure:16122: $? = 1
configure: failed program was:
| /* confdefs.h */
| #define PACKAGE_NAME "ShaderExamples"
| #define PACKAGE_TARNAME "shaderexamples"
| #define PACKAGE_VERSION "0.1"
| #define PACKAGE_STRING "ShaderExamples 0.1"
| #define PACKAGE_BUGREPORT ""
| #define PACKAGE_URL ""
| #define PACKAGE "shaderexamples"
| #define VERSION "0.1"
| #define STDC_HEADERS 1
| #define HAVE_SYS_TYPES_H 1
| #define HAVE_SYS_STAT_H 1
| #define HAVE_STDLIB_H 1
| #define HAVE_STRING_H 1
| #define HAVE_MEMORY_H 1
| #define HAVE_STRINGS_H 1
| #define HAVE_INTTYPES_H 1
| #define HAVE_STDINT_H 1
| #define HAVE_UNISTD_H 1
| #define HAVE_DLFCN_H 1
| #define LT_OBJDIR ".libs/"
| #define HAVE_BOOST 1
| /* end confdefs.h.  */
| 
| #if defined __GNUC__ && __GNUC__ == 4 && __GNUC_MINOR__ == 9 && !defined __ICC
| /* OK */
| #else
| # error defined __GNUC__ && __GNUC__ == 4 && __GNUC_MINOR__ == 9 && !defined __ICC
| #endif
| 
| int
| main ()
| {
| 
|   ;
|   return 0;
| }
configure:16122: g++ -c -g -O2  conftest.cpp >&5
conftest.cpp:28:3: error: #error defined __GNUC__ && __GNUC__ == 4 && __GNUC_MINOR__ == 8 && !defined __ICC && (defined WIN32 || defined WINNT || defined _WIN32 || defined __WIN32 || defined __WIN32__ || defined __WINNT || defined __WINNT__)
 # error defined __GNUC__ && __GNUC__ == 4 && __GNUC_MINOR__ == 8 && !defined __ICC &&   (defined WIN32 || defined WINNT || defined _WIN32 || defined __WIN32          || defined __WIN32__ || defined __WINNT || defined __WINNT__)
   ^~~~~
configure:16122: $? = 1
configure: failed program was:
| /* confdefs.h */
| #define PACKAGE_NAME "ShaderExamples"
| #define PACKAGE_TARNAME "shaderexamples"
| #define PACKAGE_VERSION "0.1"
| #define PACKAGE_STRING "ShaderExamples 0.1"
| #define PACKAGE_BUGREPORT ""
| #define PACKAGE_URL ""
| #define PACKAGE "shaderexamples"
| #define VERSION "0.1"
| #define STDC_HEADERS 1
| #define HAVE_SYS_TYPES_H 1
| #define HAVE_SYS_STAT_H 1
| #define HAVE_STDLIB_H 1
| #define HAVE_STRING_H 1
| #define HAVE_MEMORY_H 1
| #define HAVE_STRINGS_H 1
| #define HAVE_INTTYPES_H 1
| #define HAVE_STDINT_H 1
| #define HAVE_UNISTD_H 1
| #define HAVE_DLFCN_H 1
| #define LT_OBJDIR ".libs/"
| #define HAVE_BOOST 1
| /* end confdefs.h.  */
| 
| #if defined __GNUC__ && __GNUC__ == 4 && __GNUC_MINOR__ == 8 && !defined __ICC &&   (defined WIN32 || defined WINNT || defined _WIN32 || defined __WIN32          || defined __WIN32__ || defined __WINNT || defined __WINNT__)
| /* OK */
| #else
| # error defined __GNUC__ && __GNUC__ == 4 && __GNUC_MINOR__ == 8 && !defined __ICC &&   (defined WIN32 || defined WINNT || defined _WIN32 || defined __WIN32          || defined __WIN32__ || defined __WINNT || defined __WINNT__)
| #endif
| 
| int
| main ()
| {
| 
|   ;
|   return 0;
| }
configure:16122: g++ -c -g -O2  conftest.cpp >&5
conftest.cpp:28:3: error: #error defined __GNUC__ && __GNUC__ == 4 && __GNUC_MINOR__ == 8 && !defined __ICC
 # error defined __GNUC__ && __GNUC__ == 4 && __GNUC_MINOR__ == 8 && !defined __ICC
   ^~~~~
configure:16122: $? = 1
configure: failed program was:
| /* confdefs.h */
| #define PACKAGE_NAME "ShaderExamples"
| #define PACKAGE_TARNAME "shaderexamples"
| #define PACKAGE_VERSION "0.1"
| #define PACKAGE_STRING "ShaderExamples 0.1"
| #define PACKAGE_BUGREPORT ""
| #define PACKAGE_URL ""
| #define PACKAGE "shaderexamples"
| #define VERSION "0.1"
| #define STDC_HEADERS 1
| #define HAVE_SYS_TYPES_H 1
| #define HAVE_SYS_STAT_H 1
| #define HAVE_STDLIB_H 1
| #define HAVE_STRING_H 1
| #define HAVE_MEMORY_H 1
| #define HAVE_STRINGS_H 1
| #define HAVE_INTTYPES_H 1
| #define HAVE_STDINT_H 1
| #define HAVE_UNISTD_H 1
| #define HAVE_DLFCN_H 1
| #define LT_OBJDIR ".libs/"
| #define HAVE_BOOST 1
| /* end confdefs.h.  */
| 
| #if defined __GNUC__ && __GNUC__ == 4 && __GNUC_MINOR__ == 8 && !defined __ICC
| /* OK */
| #else
| # error defined __GNUC__ && __GNUC__ == 4 && __GNUC_MINOR__ == 8 && !defined __ICC
| #endif
| 
| int
| main ()
| {
| 
|   ;
|   return 0;
| }
configure:16122: g++ -c -g -O2  conftest.cpp >&5
conftest.cpp:28:3: error: #error defined __GNUC__ && __GNUC__ == 4 && __GNUC_MINOR__ == 7 && !defined __ICC && (defined WIN32 || defined WINNT || defined _WIN32 || defined __WIN32 || defined __WIN32__ || defined __WINNT || defined __WINNT__)
 # error defined __GNUC__ && __GNUC__ == 4 && __GNUC_MINOR__ == 7 && !defined __ICC &&   (defined WIN32 || defined WINNT || defined _WIN32 || defined __WIN32          || defined __WIN32__ || defined __WINNT || defined __WINNT__)
   ^~~~~
configure:16122: $? = 1
configure: failed program was:
| /* confdefs.h */
| #define PACKAGE_NAME "ShaderExamples"
| #define PACKAGE_TARNAME "shaderexamples"
| #define PACKAGE_VERSION "0.1"
| #define PACKAGE_STRING "ShaderExamples 0.1"
| #define PACKAGE_BUGREPORT ""
| #define PACKAGE_URL ""
| #define PACKAGE "shaderexamples"
| #define VERSION "0.1"
| #define STDC_HEADERS 1
| #define HAVE_SYS_TYPES_H 1
| #define HAVE_SYS_STAT_H 1
| #define HAVE_STDLIB_H 1
| #define HAVE_STRING_H 1
| #define HAVE_MEMORY_H 1
| #define HAVE_STRINGS_H 1
| #define HAVE_INTTYPES_H 1
| #define HAVE_STDINT_H 1
| #define HAVE_UNISTD_H 1
| #define HAVE_DLFCN_H 1
| #define LT_OBJDIR ".libs/"
| #define HAVE_BOOST 1
| /* end confdefs.h.  */
| 
| #if defined __GNUC__ && __GNUC__ == 4 && __GNUC_MINOR__ == 7 && !defined __ICC &&   (defined WIN32 || defined WINNT || defined _WIN32 || defined __WIN32          || defined __WIN32__ || defined __WINNT || defined __WINNT__)
| /* OK */
| #else
| # error defined __GNUC__ && __GNUC__ == 4 && __GNUC_MINOR__ == 7 && !defined __ICC &&   (defined WIN32 || defined WINNT || defined _WIN32 || defined __WIN32          || defined __WIN32__ || defined __WINNT || defined __WINNT__)
| #endif
| 
| int
| main ()
| {
| 
|   ;
|   return 0;
| }
configure:16122: g++ -c -g -O2  conftest.cpp >&5
conftest.cpp:28:3: error: #error defined __GNUC__ && __GNUC__ == 4 && __GNUC_MINOR__ == 7 && !defined __ICC
 # error defined __GNUC__ && __GNUC__ == 4 && __GNUC_MINOR__ == 7 && !defined __ICC
   ^~~~~
configure:16122: $? = 1
configure: failed program was:
| /* confdefs.h */
| #define PACKAGE_NAME "ShaderExamples"
| #define PACKAGE_TARNAME "shaderexamples"
| #define PACKAGE_VERSION "0.1"
| #define PACKAGE_STRING "ShaderExamples 0.1"
| #define PACKAGE_BUGREPORT ""
| #define PACKAGE_URL ""
| #define PACKAGE "shaderexamples"
| #define VERSION "0.1"
| #define STDC_HEADERS 1
| #define HAVE_SYS_TYPES_H 1
| #define HAVE_SYS_STAT_H 1
| #define HAVE_STDLIB_H 1
| #define HAVE_STRING_H 1
| #define HAVE_MEMORY_H 1
| #define HAVE_STRINGS_H 1
| #define HAVE_INTTYPES_H 1
| #define HAVE_STDINT_H 1
| #define HAVE_UNISTD_H 1
| #define HAVE_DLFCN_H 1
| #define LT_OBJDIR ".libs/"
| #define HAVE_BOOST 1
| /* end confdefs.h.  */
| 
| #if defined __GNUC__ && __GNUC__ == 4 && __GNUC_MINOR__ == 7 && !defined __ICC
| /* OK */
| #else
| # error defined __GNUC__ && __GNUC__ == 4 && __GNUC_MINOR__ == 7 && !defined __ICC
| #endif
| 
| int
| main ()
| {
| 
|   ;
|   return 0;
| }
configure:16122: g++ -c -g -O2  conftest.cpp >&5
conftest.cpp:28:3: error: #error defined __GNUC__ && __GNUC__ == 4 && __GNUC_MINOR__ == 6 && !defined __ICC && (defined WIN32 || defined WINNT || defined _WIN32 || defined __WIN32 || defined __WIN32__ || defined __WINNT || defined __WINNT__)
 # error defined __GNUC__ && __GNUC__ == 4 && __GNUC_MINOR__ == 6 && !defined __ICC &&   (defined WIN32 || defined WINNT || defined _WIN32 || defined __WIN32          || defined __WIN32__ || defined __WINNT || defined __WINNT__)
   ^~~~~
configure:16122: $? = 1
configure: failed program was:
| /* confdefs.h */
| #define PACKAGE_NAME "ShaderExamples"
| #define PACKAGE_TARNAME "shaderexamples"
| #define PACKAGE_VERSION "0.1"
| #define PACKAGE_STRING "ShaderExamples 0.1"
| #define PACKAGE_BUGREPORT ""
| #define PACKAGE_URL ""
| #define PACKAGE "shaderexamples"
| #define VERSION "0.1"
| #define STDC_HEADERS 1
| #define HAVE_SYS_TYPES_H 1
| #define HAVE_SYS_STAT_H 1
| #define HAVE_STDLIB_H 1
| #define HAVE_STRING_H 1
| #define HAVE_MEMORY_H 1
| #define HAVE_STRINGS_H 1
| #define HAVE_INTTYPES_H 1
| #define HAVE_STDINT_H 1
| #define HAVE_UNISTD_H 1
| #define HAVE_DLFCN_H 1
| #define LT_OBJDIR ".libs/"
| #define HAVE_BOOST 1
| /* end confdefs.h.  */
| 
| #if defined __GNUC__ && __GNUC__ == 4 && __GNUC_MINOR__ == 6 && !defined __ICC &&   (defined WIN32 || defined WINNT || defined _WIN32 || defined __WIN32          || defined __WIN32__ || defined __WINNT || defined __WINNT__)
| /* OK */
| #else
| # error defined __GNUC__ && __GNUC__ == 4 && __GNUC_MINOR__ == 6 && !defined __ICC &&   (defined WIN32 || defined WINNT || defined _WIN32 || defined __WIN32          || defined __WIN32__ || defined __WINNT || defined __WINNT__)
| #endif
| 
| int
| main ()
| {
| 
|   ;
|   return 0;
| }
configure:16122: g++ -c -g -O2  conftest.cpp >&5
conftest.cpp:28:3: error: #error defined __GNUC__ && __GNUC__ == 4 && __GNUC_MINOR__ == 6 && !defined __ICC
 # error defined __GNUC__ && __GNUC__ == 4 && __GNUC_MINOR__ == 6 && !defined __ICC
   ^~~~~
configure:16122: $? = 1
configure: failed program was:
| /* confdefs.h */
| #define PACKAGE_NAME "ShaderExamples"
| #define PACKAGE_TARNAME "shaderexamples"
| #define PACKAGE_VERSION "0.1"
| #define PACKAGE_STRING "ShaderExamples 0.1"
| #define PACKAGE_BUGREPORT ""
| #define PACKAGE_URL ""
| #define PACKAGE "shaderexamples"
| #define VERSION "0.1"
| #define STDC_HEADERS 1
| #define HAVE_SYS_TYPES_H 1
| #define HAVE_SYS_STAT_H 1
| #define HAVE_STDLIB_H 1
| #define HAVE_STRING_H 1
| #define HAVE_MEMORY_H 1
| #define HAVE_STRINGS_H 1
| #define HAVE_INTTYPES_H 1
| #define HAVE_STDINT_H 1
| #define HAVE_UNISTD_H 1
| #define HAVE_DLFCN_H 1
| #define LT_OBJDIR ".libs/"
| #define HAVE_BOOST 1
| /* end confdefs.h.  */
| 
| #if defined __GNUC__ && __GNUC__ == 4 && __GNUC_MINOR__ == 6 && !defined __ICC
| /* OK */
| #else
| # error defined __GNUC__ && __GNUC__ == 4 && __GNUC_MINOR__ == 6 && !defined __ICC
| #endif
| 
| int
| main ()
| {
| 
|   ;
|   return 0;
| }
configure:16122: g++ -c -g -O2  conftest.cpp >&5
conftest.cpp:28:3: error: #error defined __GNUC__ && __GNUC__ == 4 && __GNUC_MINOR__ == 5 && !defined __ICC && (defined WIN32 || defined WINNT || defined _WIN32 || defined __WIN32 || defined __WIN32__ || defined __WINNT || defined __WINNT__)
 # error defined __GNUC__ && __GNUC__ == 4 && __GNUC_MINOR__ == 5 && !defined __ICC &&   (defined WIN32 || defined WINNT || defined _WIN32 || defined __WIN32          || defined __WIN32__ || defined __WINNT || defined __WINNT__)
   ^~~~~
configure:16122: $? = 1
configure: failed program was:
| /* confdefs.h */
| #define PACKAGE_NAME "ShaderExamples"
| #define PACKAGE_TARNAME "shaderexamples"
| #define PACKAGE_VERSION "0.1"
| #define PACKAGE_STRING "ShaderExamples 0.1"
| #define PACKAGE_BUGREPORT ""
| #define PACKAGE_URL ""
| #define PACKAGE "shaderexamples"
| #define VERSION "0.1"
| #define STDC_HEADERS 1
| #define HAVE_SYS_TYPES_H 1
| #define HAVE_SYS_STAT_H 1
| #define HAVE_STDLIB_H 1
| #define HAVE_STRING_H 1
| #define HAVE_MEMORY_H 1
| #define HAVE_STRINGS_H 1
| #define HAVE_INTTYPES_H 1
| #define HAVE_STDINT_H 1
| #define HAVE_UNISTD_H 1
| #define HAVE_DLFCN_H 1
| #define LT_OBJDIR ".libs/"
| #define HAVE_BOOST 1
| /* end confdefs.h.  */
| 
| #if defined __GNUC__ && __GNUC__ == 4 && __GNUC_MINOR__ == 5 && !defined __ICC &&   (defined WIN32 || defined WINNT || defined _WIN32 || defined __WIN32          || defined __WIN32__ || defined __WINNT || defined __WINNT__)
| /* OK */
| #else
| # error defined __GNUC__ && __GNUC__ == 4 && __GNUC_MINOR__ == 5 && !defined __ICC &&   (defined WIN32 || defined WINNT || defined _WIN32 || defined __WIN32          || defined __WIN32__ || defined __WINNT || defined __WINNT__)
| #endif
| 
| int
| main ()
| {
| 
|   ;
|   return 0;
| }
configure:16122: g++ -c -g -O2  conftest.cpp >&5
conftest.cpp:28:3: error: #error defined __GNUC__ && __GNUC__ == 4 && __GNUC_MINOR__ == 5 && !defined __ICC
 # error defined __GNUC__ && __GNUC__ == 4 && __GNUC_MINOR__ == 5 && !defined __ICC
   ^~~~~
configure:16122: $? = 1
configure: failed program was:
| /* confdefs.h */
| #define PACKAGE_NAME "ShaderExamples"
| #define PACKAGE_TARNAME "shaderexamples"
| #define PACKAGE_VERSION "0.1"
| #define PACKAGE_STRING "ShaderExamples 0.1"
| #define PACKAGE_BUGREPORT ""
| #define PACKAGE_URL ""
| #define PACKAGE "shaderexamples"
| #define VERSION "0.1"
| #define STDC_HEADERS 1
| #define HAVE_SYS_TYPES_H 1
| #define HAVE_SYS_STAT_H 1
| #define HAVE_STDLIB_H 1
| #define HAVE_STRING_H 1
| #define HAVE_MEMORY_H 1
| #define HAVE_STRINGS_H 1
| #define HAVE_INTTYPES_H 1
| #define HAVE_STDINT_H 1
| #define HAVE_UNISTD_H 1
| #define HAVE_DLFCN_H 1
| #define LT_OBJDIR ".libs/"
| #define HAVE_BOOST 1
| /* end confdefs.h.  */
| 
| #if defined __GNUC__ && __GNUC__ == 4 && __GNUC_MINOR__ == 5 && !defined __ICC
| /* OK */
| #else
| # error defined __GNUC__ && __GNUC__ == 4 && __GNUC_MINOR__ == 5 && !defined __ICC
| #endif
| 
| int
| main ()
| {
| 
|   ;
|   return 0;
| }
configure:16122: g++ -c -g -O2  conftest.cpp >&5
conftest.cpp:28:3: error: #error defined __GNUC__ && __GNUC__ == 4 && __GNUC_MINOR__ == 4 && !defined __ICC && (defined WIN32 || defined WINNT || defined _WIN32 || defined __WIN32 || defined __WIN32__ || defined __WINNT || defined __WINNT__)
 # error defined __GNUC__ && __GNUC__ == 4 && __GNUC_MINOR__ == 4 && !defined __ICC &&   (defined WIN32 || defined WINNT || defined _WIN32 || defined __WIN32          || defined __WIN32__ || defined __WINNT || defined __WINNT__)
   ^~~~~
configure:16122: $? = 1
configure: failed program was:
| /* confdefs.h */
| #define PACKAGE_NAME "ShaderExamples"
| #define PACKAGE_TARNAME "shaderexamples"
| #define PACKAGE_VERSION "0.1"
| #define PACKAGE_STRING "ShaderExamples 0.1"
| #define PACKAGE_BUGREPORT ""
| #define PACKAGE_URL ""
| #define PACKAGE "shaderexamples"
| #define VERSION "0.1"
| #define STDC_HEADERS 1
| #define HAVE_SYS_TYPES_H 1
| #define HAVE_SYS_STAT_H 1
| #define HAVE_STDLIB_H 1
| #define HAVE_STRING_H 1
| #define HAVE_MEMORY_H 1
| #define HAVE_STRINGS_H 1
| #define HAVE_INTTYPES_H 1
| #define HAVE_STDINT_H 1
| #define HAVE_UNISTD_H 1
| #define HAVE_DLFCN_H 1
| #define LT_OBJDIR ".libs/"
| #define HAVE_BOOST 1
| /* end confdefs.h.  */
| 
| #if defined __GNUC__ && __GNUC__ == 4 && __GNUC_MINOR__ == 4 && !defined __ICC &&   (defined WIN32 || defined WINNT || defined _WIN32 || defined __WIN32          || defined __WIN32__ || defined __WINNT || defined __WINNT__)
| /* OK */
| #else
| # error defined __GNUC__ && __GNUC__ == 4 && __GNUC_MINOR__ == 4 && !defined __ICC &&   (defined WIN32 || defined WINNT || defined _WIN32 || defined __WIN32          || defined __WIN32__ || defined __WINNT || defined __WINNT__)
| #endif
| 
| int
| main ()
| {
| 
|   ;
|   return 0;
| }
configure:16122: g++ -c -g -O2  conftest.cpp >&5
conftest.cpp:28:3: error: #error defined __GNUC__ && __GNUC__ == 4 && __GNUC_MINOR__ == 4 && !defined __ICC
 # error defined __GNUC__ && __GNUC__ == 4 && __GNUC_MINOR__ == 4 && !defined __ICC
   ^~~~~
configure:16122: $? = 1
configure: failed program was:
| /* confdefs.h */
| #define PACKAGE_NAME "ShaderExamples"
| #define PACKAGE_TARNAME "shaderexamples"
| #define PACKAGE_VERSION "0.1"
| #define PACKAGE_STRING "ShaderExamples 0.1"
| #define PACKAGE_BUGREPORT ""
| #define PACKAGE_URL ""
| #define PACKAGE "shaderexamples"
| #define VERSION "0.1"
| #define STDC_HEADERS 1
| #define HAVE_SYS_TYPES_H 1
| #define HAVE_SYS_STAT_H 1
| #define HAVE_STDLIB_H 1
| #define HAVE_STRING_H 1
| #define HAVE_MEMORY_H 1
| #define HAVE_STRINGS_H 1
| #define HAVE_INTTYPES_H 1
| #define HAVE_STDINT_H 1
| #define HAVE_UNISTD_H 1
| #define HAVE_DLFCN_H 1
| #define LT_OBJDIR ".libs/"
| #define HAVE_BOOST 1
| /* end confdefs.h.  */
| 
| #if defined __GNUC__ && __GNUC__ == 4 && __GNUC_MINOR__ == 4 && !defined __ICC
| /* OK */
| #else
| # error defined __GNUC__ && __GNUC__ == 4 && __GNUC_MINOR__ == 4 && !defined __ICC
| #endif
| 
| int
| main ()
| {
| 
|   ;
|   return 0;
| }
configure:16122: g++ -c -g -O2  conftest.cpp >&5
conftest.cpp:28:3: error: #error defined __GNUC__ && __GNUC__ == 4 && __GNUC_MINOR__ == 3 && !defined __ICC && (defined WIN32 || defined WINNT || defined _WIN32 || defined __WIN32 || defined __WIN32__ || defined __WINNT || defined __WINNT__)
 # error defined __GNUC__ && __GNUC__ == 4 && __GNUC_MINOR__ == 3 && !defined __ICC &&   (defined WIN32 || defined WINNT || defined _WIN32 || defined __WIN32          || defined __WIN32__ || defined __WINNT || defined __WINNT__)
   ^~~~~
configure:16122: $? = 1
configure: failed program was:
| /* confdefs.h */
| #define PACKAGE_NAME "ShaderExamples"
| #define PACKAGE_TARNAME "shaderexamples"
| #define PACKAGE_VERSION "0.1"
| #define PACKAGE_STRING "ShaderExamples 0.1"
| #define PACKAGE_BUGREPORT ""
| #define PACKAGE_URL ""
| #define PACKAGE "shaderexamples"
| #define VERSION "0.1"
| #define STDC_HEADERS 1
| #define HAVE_SYS_TYPES_H 1
| #define HAVE_SYS_STAT_H 1
| #define HAVE_STDLIB_H 1
| #define HAVE_STRING_H 1
| #define HAVE_MEMORY_H 1
| #define HAVE_STRINGS_H 1
| #define HAVE_INTTYPES_H 1
| #define HAVE_STDINT_H 1
| #define HAVE_UNISTD_H 1
| #define HAVE_DLFCN_H 1
| #define LT_OBJDIR ".libs/"
| #define HAVE_BOOST 1
| /* end confdefs.h.  */
| 
| #if defined __GNUC__ && __GNUC__ == 4 && __GNUC_MINOR__ == 3 && !defined __ICC &&   (defined WIN32 || defined WINNT || defined _WIN32 || defined __WIN32          || defined __WIN32__ || defined __WINNT || defined __WINNT__)
| /* OK */
| #else
| # error defined __GNUC__ && __GNUC__ == 4 && __GNUC_MINOR__ == 3 && !defined __ICC &&   (defined WIN32 || defined WINNT || defined _WIN32 || defined __WIN32          || defined __WIN32__ || defined __WINNT || defined __WINNT__)
| #endif
| 
| int
| main ()
| {
| 
|   ;
|   return 0;
| }
configure:16122: g++ -c -g -O2  conftest.cpp >&5
conftest.cpp:28:3: error: #error defined __GNUC__ && __GNUC__ == 4 && __GNUC_MINOR__ == 3 && !defined __ICC
 # error defined __GNUC__ && __GNUC__ == 4 && __GNUC_MINOR__ == 3 && !defined __ICC
   ^~~~~
configure:16122: $? = 1
configure: failed program was:
| /* confdefs.h */
| #define PACKAGE_NAME "ShaderExamples"
| #define PACKAGE_TARNAME "shaderexamples"
| #define PACKAGE_VERSION "0.1"
| #define PACKAGE_STRING "ShaderExamples 0.1"
| #define PACKAGE_BUGREPORT ""
| #define PACKAGE_URL ""
| #define PACKAGE "shaderexamples"
| #define VERSION "0.1"
| #define STDC_HEADERS 1
| #define HAVE_SYS_TYPES_H 1
| #define HAVE_SYS_STAT_H 1
| #define HAVE_STDLIB_H 1
| #define HAVE_STRING_H 1
| #define HAVE_MEMORY_H 1
| #define HAVE_STRINGS_H 1
| #define HAVE_INTTYPES_H 1
| #define HAVE_STDINT_H 1
| #define HAVE_UNISTD_H 1
| #define HAVE_DLFCN_H 1
| #define LT_OBJDIR ".libs/"
| #define HAVE_BOOST 1
| /* end confdefs.h.  */
| 
| #if defined __GNUC__ && __GNUC__ == 4 && __GNUC_MINOR__ == 3 && !defined __ICC
| /* OK */
| #else
| # error defined __GNUC__ && __GNUC__ == 4 && __GNUC_MINOR__ == 3 && !defined __ICC
| #endif
| 
| int
| main ()
| {
| 
|   ;
|   return 0;
| }
configure:16122: g++ -c -g -O2  conftest.cpp >&5
conftest.cpp:28:3: error: #error defined __GNUC__ && __GNUC__ == 4 && __GNUC_MINOR__ == 2 && !defined __ICC && (defined WIN32 || defined WINNT || defined _WIN32 || defined __WIN32 || defined __WIN32__ || defined __WINNT || defined __WINNT__)
 # error defined __GNUC__ && __GNUC__ == 4 && __GNUC_MINOR__ == 2 && !defined __ICC &&   (defined WIN32 || defined WINNT || defined _WIN32 || defined __WIN32          || defined __WIN32__ || defined __WINNT || defined __WINNT__)
   ^~~~~
configure:16122: $? = 1
configure: failed program was:
| /* confdefs.h */
| #define PACKAGE_NAME "ShaderExamples"
| #define PACKAGE_TARNAME "shaderexamples"
| #define PACKAGE_VERSION "0.1"
| #define PACKAGE_STRING "ShaderExamples 0.1"
| #define PACKAGE_BUGREPORT ""
| #define PACKAGE_URL ""
| #define PACKAGE "shaderexamples"
| #define VERSION "0.1"
| #define STDC_HEADERS 1
| #define HAVE_SYS_TYPES_H 1
| #define HAVE_SYS_STAT_H 1
| #define HAVE_STDLIB_H 1
| #define HAVE_STRING_H 1
| #define HAVE_MEMORY_H 1
| #define HAVE_STRINGS_H 1
| #define HAVE_INTTYPES_H 1
| #define HAVE_STDINT_H 1
| #define HAVE_UNISTD_H 1
| #define HAVE_DLFCN_H 1
| #define LT_OBJDIR ".libs/"
| #define HAVE_BOOST 1
| /* end confdefs.h.  */
| 
| #if defined __GNUC__ && __GNUC__ == 4 && __GNUC_MINOR__ == 2 && !defined __ICC &&   (defined WIN32 || defined WINNT || defined _WIN32 || defined __WIN32          || defined __WIN32__ || defined __WINNT || defined __WINNT__)
| /* OK */
| #else
| # error defined __GNUC__ && __GNUC__ == 4 && __GNUC_MINOR__ == 2 && !defined __ICC &&   (defined WIN32 || defined WINNT || defined _WIN32 || defined __WIN32          || defined __WIN32__ || defined __WINNT || defined __WINNT__)
| #endif
| 
| int
| main ()
| {
| 
|   ;
|   return 0;
| }
configure:16122: g++ -c -g -O2  conftest.cpp >&5
conftest.cpp:28:3: error: #error defined __GNUC__ && __GNUC__ == 4 && __GNUC_MINOR__ == 2 && !defined __ICC
 # error defined __GNUC__ && __GNUC__ == 4 && __GNUC_MINOR__ == 2 && !defined __ICC
   ^~~~~
configure:16122: $? = 1
configure: failed program was:
| /* confdefs.h */
| #define PACKAGE_NAME "ShaderExamples"
| #define PACKAGE_TARNAME "shaderexamples"
| #define PACKAGE_VERSION "0.1"
| #define PACKAGE_STRING "ShaderExamples 0.1"
| #define PACKAGE_BUGREPORT ""
| #define PACKAGE_URL ""
| #define PACKAGE "shaderexamples"
| #define VERSION "0.1"
| #define STDC_HEADERS 1
| #define HAVE_SYS_TYPES_H 1
| #define HAVE_SYS_STAT_H 1
| #define HAVE_STDLIB_H 1
| #define HAVE_STRING_H 1
| #define HAVE_MEMORY_H 1
| #define HAVE_STRINGS_H 1
| #define HAVE_INTTYPES_H 1
| #define HAVE_STDINT_H 1
| #define HAVE_UNISTD_H 1
| #define HAVE_DLFCN_H 1
| #define LT_OBJDIR ".libs/"
| #define HAVE_BOOST 1
| /* end confdefs.h.  */
| 
| #if defined __GNUC__ && __GNUC__ == 4 && __GNUC_MINOR__ == 2 && !defined __ICC
| /* OK */
| #else
| # error defined __GNUC__ && __GNUC__ == 4 && __GNUC_MINOR__ == 2 && !defined __ICC
| #endif
| 
| int
| main ()
| {
| 
|   ;
|   return 0;
| }
configure:16122: g++ -c -g -O2  conftest.cpp >&5
conftest.cpp:28:3: error: #error defined __GNUC__ && __GNUC__ == 4 && __GNUC_MINOR__ == 1 && !defined __ICC && (defined WIN32 || defined WINNT || defined _WIN32 || defined __WIN32 || defined __WIN32__ || defined __WINNT || defined __WINNT__)
 # error defined __GNUC__ && __GNUC__ == 4 && __GNUC_MINOR__ == 1 && !defined __ICC &&   (defined WIN32 || defined WINNT || defined _WIN32 || defined __WIN32          || defined __WIN32__ || defined __WINNT || defined __WINNT__)
   ^~~~~
configure:16122: $? = 1
configure: failed program was:
| /* confdefs.h */
| #define PACKAGE_NAME "ShaderExamples"
| #define PACKAGE_TARNAME "shaderexamples"
| #define PACKAGE_VERSION "0.1"
| #define PACKAGE_STRING "ShaderExamples 0.1"
| #define PACKAGE_BUGREPORT ""
| #define PACKAGE_URL ""
| #define PACKAGE "shaderexamples"
| #define VERSION "0.1"
| #define STDC_HEADERS 1
| #define HAVE_SYS_TYPES_H 1
| #define HAVE_SYS_STAT_H 1
| #define HAVE_STDLIB_H 1
| #define HAVE_STRING_H 1
| #define HAVE_MEMORY_H 1
| #define HAVE_STRINGS_H 1
| #define HAVE_INTTYPES_H 1
| #define HAVE_STDINT_H 1
| #define HAVE_UNISTD_H 1
| #define HAVE_DLFCN_H 1
| #define LT_OBJDIR ".libs/"
| #define HAVE_BOOST 1
| /* end confdefs.h.  */
| 
| #if defined __GNUC__ && __GNUC__ == 4 && __GNUC_MINOR__ == 1 && !defined __ICC &&   (defined WIN32 || defined WINNT || defined _WIN32 || defined __WIN32          || defined __WIN32__ || defined __WINNT || defined __WINNT__)
| /* OK */
| #else
| # error defined __GNUC__ && __GNUC__ == 4 && __GNUC_MINOR__ == 1 && !defined __ICC &&   (defined WIN32 || defined WINNT || defined _WIN32 || defined __WIN32          || defined __WIN32__ || defined __WINNT || defined __WINNT__)
| #endif
| 
| int
| main ()
| {
| 
|   ;
|   return 0;
| }
configure:16122: g++ -c -g -O2  conftest.cpp >&5
conftest.cpp:28:3: error: #error defined __GNUC__ && __GNUC__ == 4 && __GNUC_MINOR__ == 1 && !defined __ICC
 # error defined __GNUC__ && __GNUC__ == 4 && __GNUC_MINOR__ == 1 && !defined __ICC
   ^~~~~
configure:16122: $? = 1
configure: failed program was:
| /* confdefs.h */
| #define PACKAGE_NAME "ShaderExamples"
| #define PACKAGE_TARNAME "shaderexamples"
| #define PACKAGE_VERSION "0.1"
| #define PACKAGE_STRING "ShaderExamples 0.1"
| #define PACKAGE_BUGREPORT ""
| #define PACKAGE_URL ""
| #define PACKAGE "shaderexamples"
| #define VERSION "0.1"
| #define STDC_HEADERS 1
| #define HAVE_SYS_TYPES_H 1
| #define HAVE_SYS_STAT_H 1
| #define HAVE_STDLIB_H 1
| #define HAVE_STRING_H 1
| #define HAVE_MEMORY_H 1
| #define HAVE_STRINGS_H 1
| #define HAVE_INTTYPES_H 1
| #define HAVE_STDINT_H 1
| #define HAVE_UNISTD_H 1
| #define HAVE_DLFCN_H 1
| #define LT_OBJDIR ".libs/"
| #define HAVE_BOOST 1
| /* end confdefs.h.  */
| 
| #if defined __GNUC__ && __GNUC__ == 4 && __GNUC_MINOR__ == 1 && !defined __ICC
| /* OK */
| #else
| # error defined __GNUC__ && __GNUC__ == 4 && __GNUC_MINOR__ == 1 && !defined __ICC
| #endif
| 
| int
| main ()
| {
| 
|   ;
|   return 0;
| }
configure:16122: g++ -c -g -O2  conftest.cpp >&5
conftest.cpp:28:3: error: #error defined __GNUC__ && __GNUC__ == 4 && __GNUC_MINOR__ == 0 && !defined __ICC && (defined WIN32 || defined WINNT || defined _WIN32 || defined __WIN32 || defined __WIN32__ || defined __WINNT || defined __WINNT__)
 # error defined __GNUC__ && __GNUC__ == 4 && __GNUC_MINOR__ == 0 && !defined __ICC &&   (defined WIN32 || defined WINNT || defined _WIN32 || defined __WIN32          || defined __WIN32__ || defined __WINNT || defined __WINNT__)
   ^~~~~
configure:16122: $? = 1
configure: failed program was:
| /* confdefs.h */
| #define PACKAGE_NAME "ShaderExamples"
| #define PACKAGE_TARNAME "shaderexamples"
| #define PACKAGE_VERSION "0.1"
| #define PACKAGE_STRING "ShaderExamples 0.1"
| #define PACKAGE_BUGREPORT ""
| #define PACKAGE_URL ""
| #define PACKAGE "shaderexamples"
| #define VERSION "0.1"
| #define STDC_HEADERS 1
| #define HAVE_SYS_TYPES_H 1
| #define HAVE_SYS_STAT_H 1
| #define HAVE_STDLIB_H 1
| #define HAVE_STRING_H 1
| #define HAVE_MEMORY_H 1
| #define HAVE_STRINGS_H 1
| #define HAVE_INTTYPES_H 1
| #define HAVE_STDINT_H 1
| #define HAVE_UNISTD_H 1
| #define HAVE_DLFCN_H 1
| #define LT_OBJDIR ".libs/"
| #define HAVE_BOOST 1
| /* end confdefs.h.  */
| 
| #if defined __GNUC__ && __GNUC__ == 4 && __GNUC_MINOR__ == 0 && !defined __ICC &&   (defined WIN32 || defined WINNT || defined _WIN32 || defined __WIN32          || defined __WIN32__ || defined __WINNT || defined __WINNT__)
| /* OK */
| #else
| # error defined __GNUC__ && __GNUC__ == 4 && __GNUC_MINOR__ == 0 && !defined __ICC &&   (defined WIN32 || defined WINNT || defined _WIN32 || defined __WIN32          || defined __WIN32__ || defined __WINNT || defined __WINNT__)
| #endif
| 
| int
| main ()
| {
| 
|   ;
|   return 0;
| }
configure:16122: g++ -c -g -O2  conftest.cpp >&5
conftest.cpp:28:3: error: #error defined __GNUC__ && __GNUC__ == 4 && __GNUC_MINOR__ == 0 && !defined __ICC
 # error defined __GNUC__ && __GNUC__ == 4 && __GNUC_MINOR__ == 0 && !defined __ICC
   ^~~~~
configure:16122: $? = 1
configure: failed program was:
| /* confdefs.h */
| #define PACKAGE_NAME "ShaderExamples"
| #define PACKAGE_TARNAME "shaderexamples"
| #define PACKAGE_VERSION "0.1"
| #define PACKAGE_STRING "ShaderExamples 0.1"
| #define PACKAGE_BUGREPORT ""
| #define PACKAGE_URL ""
| #define PACKAGE "shaderexamples"
| #define VERSION "0.1"
| #define STDC_HEADERS 1
| #define HAVE_SYS_TYPES_H 1
| #define HAVE_SYS_STAT_H 1
| #define HAVE_STDLIB_H 1
| #define HAVE_STRING_H 1
| #define HAVE_MEMORY_H 1
| #define HAVE_STRINGS_H 1
| #define HAVE_INTTYPES_H 1
| #define HAVE_STDINT_H 1
| #define HAVE_UNISTD_H 1
| #define HAVE_DLFCN_H 1
| #define LT_OBJDIR ".libs/"
| #define HAVE_BOOST 1
| /* end confdefs.h.  */
| 
| #if defined __GNUC__ && __GNUC__ == 4 && __GNUC_MINOR__ == 0 && !defined __ICC
| /* OK */
| #else
| # error defined __GNUC__ && __GNUC__ == 4 && __GNUC_MINOR__ == 0 && !defined __ICC
| #endif
| 
| int
| main ()
| {
| 
|   ;
|   return 0;
| }
configure:16122: g++ -c -g -O2  conftest.cpp >&5
conftest.cpp:28:3: error: #error defined __GNUC__ && __GNUC__ == 3 && !defined __ICC && (defined WIN32 || defined WINNT || defined _WIN32 || defined __WIN32 || defined __WIN32__ || defined __WINNT || defined __WINNT__)
 # error defined __GNUC__ && __GNUC__ == 3 && !defined __ICC      && (defined WIN32 || defined WINNT || defined _WIN32 || defined __WIN32          || defined __WIN32__ || defined __WINNT || defined __WINNT__)
   ^~~~~
configure:16122: $? = 1
configure: failed program was:
| /* confdefs.h */
| #define PACKAGE_NAME "ShaderExamples"
| #define PACKAGE_TARNAME "shaderexamples"
| #define PACKAGE_VERSION "0.1"
| #define PACKAGE_STRING "ShaderExamples 0.1"
| #define PACKAGE_BUGREPORT ""
| #define PACKAGE_URL ""
| #define PACKAGE "shaderexamples"
| #define VERSION "0.1"
| #define STDC_HEADERS 1
| #define HAVE_SYS_TYPES_H 1
| #define HAVE_SYS_STAT_H 1
| #define HAVE_STDLIB_H 1
| #define HAVE_STRING_H 1
| #define HAVE_MEMORY_H 1
| #define HAVE_STRINGS_H 1
| #define HAVE_INTTYPES_H 1
| #define HAVE_STDINT_H 1
| #define HAVE_UNISTD_H 1
| #define HAVE_DLFCN_H 1
| #define LT_OBJDIR ".libs/"
| #define HAVE_BOOST 1
| /* end confdefs.h.  */
| 
| #if defined __GNUC__ && __GNUC__ == 3 && !defined __ICC      && (defined WIN32 || defined WINNT || defined _WIN32 || defined __WIN32          || defined __WIN32__ || defined __WINNT || defined __WINNT__)
| /* OK */
| #else
| # error defined __GNUC__ && __GNUC__ == 3 && !defined __ICC      && (defined WIN32 || defined WINNT || defined _WIN32 || defined __WIN32          || defined __WIN32__ || defined __WINNT || defined __WINNT__)
| #endif
| 
| int
| main ()
| {
| 
|   ;
|   return 0;
| }
configure:16122: g++ -c -g -O2  conftest.cpp >&5
conftest.cpp:28:3: error: #error defined __GNUC__ && __GNUC__ == 3 && __GNUC_MINOR__ == 4 && !defined __ICC
 # error defined __GNUC__ && __GNUC__ == 3 && __GNUC_MINOR__ == 4 && !defined __ICC
   ^~~~~
configure:16122: $? = 1
configure: failed program was:
| /* confdefs.h */
| #define PACKAGE_NAME "ShaderExamples"
| #define PACKAGE_TARNAME "shaderexamples"
| #define PACKAGE_VERSION "0.1"
| #define PACKAGE_STRING "ShaderExamples 0.1"
| #define PACKAGE_BUGREPORT ""
| #define PACKAGE_URL ""
| #define PACKAGE "shaderexamples"
| #define VERSION "0.1"
| #define STDC_HEADERS 1
| #define HAVE_SYS_TYPES_H 1
| #define HAVE_SYS_STAT_H 1
| #define HAVE_STDLIB_H 1
| #define HAVE_STRING_H 1
| #define HAVE_MEMORY_H 1
| #define HAVE_STRINGS_H 1
| #define HAVE_INTTYPES_H 1
| #define HAVE_STDINT_H 1
| #define HAVE_UNISTD_H 1
| #define HAVE_DLFCN_H 1
| #define LT_OBJDIR ".libs/"
| #define HAVE_BOOST 1
| /* end confdefs.h.  */
| 
| #if defined __GNUC__ && __GNUC__ == 3 && __GNUC_MINOR__ == 4 && !defined __ICC
| /* OK */
| #else
| # error defined __GNUC__ && __GNUC__ == 3 && __GNUC_MINOR__ == 4 && !defined __ICC
| #endif
| 
| int
| main ()
| {
| 
|   ;
|   return 0;
| }
configure:16122: g++ -c -g -O2  conftest.cpp >&5
conftest.cpp:28:3: error: #error defined __GNUC__ && __GNUC__ == 3 && __GNUC_MINOR__ == 3 && !defined __ICC
 # error defined __GNUC__ && __GNUC__ == 3 && __GNUC_MINOR__ == 3 && !defined __ICC
   ^~~~~
configure:16122: $? = 1
configure: failed program was:
| /* confdefs.h */
| #define PACKAGE_NAME "ShaderExamples"
| #define PACKAGE_TARNAME "shaderexamples"
| #define PACKAGE_VERSION "0.1"
| #define PACKAGE_STRING "ShaderExamples 0.1"
| #define PACKAGE_BUGREPORT ""
| #define PACKAGE_URL ""
| #define PACKAGE "shaderexamples"
| #define VERSION "0.1"
| #define STDC_HEADERS 1
| #define HAVE_SYS_TYPES_H 1
| #define HAVE_SYS_STAT_H 1
| #define HAVE_STDLIB_H 1
| #define HAVE_STRING_H 1
| #define HAVE_MEMORY_H 1
| #define HAVE_STRINGS_H 1
| #define HAVE_INTTYPES_H 1
| #define HAVE_STDINT_H 1
| #define HAVE_UNISTD_H 1
| #define HAVE_DLFCN_H 1
| #define LT_OBJDIR ".libs/"
| #define HAVE_BOOST 1
| /* end confdefs.h.  */
| 
| #if defined __GNUC__ && __GNUC__ == 3 && __GNUC_MINOR__ == 3 && !defined __ICC
| /* OK */
| #else
| # error defined __GNUC__ && __GNUC__ == 3 && __GNUC_MINOR__ == 3 && !defined __ICC
| #endif
| 
| int
| main ()
| {
| 
|   ;
|   return 0;
| }
configure:16122: g++ -c -g -O2  conftest.cpp >&5
conftest.cpp:28:3: error: #error defined _MSC_VER && _MSC_VER >= 1500
 # error defined _MSC_VER && _MSC_VER >= 1500
   ^~~~~
configure:16122: $? = 1
configure: failed program was:
| /* confdefs.h */
| #define PACKAGE_NAME "ShaderExamples"
| #define PACKAGE_TARNAME "shaderexamples"
| #define PACKAGE_VERSION "0.1"
| #define PACKAGE_STRING "ShaderExamples 0.1"
| #define PACKAGE_BUGREPORT ""
| #define PACKAGE_URL ""
| #define PACKAGE "shaderexamples"
| #define VERSION "0.1"
| #define STDC_HEADERS 1
| #define HAVE_SYS_TYPES_H 1
| #define HAVE_SYS_STAT_H 1
| #define HAVE_STDLIB_H 1
| #define HAVE_STRING_H 1
| #define HAVE_MEMORY_H 1
| #define HAVE_STRINGS_H 1
| #define HAVE_INTTYPES_H 1
| #define HAVE_STDINT_H 1
| #define HAVE_UNISTD_H 1
| #define HAVE_DLFCN_H 1
| #define LT_OBJDIR ".libs/"
| #define HAVE_BOOST 1
| /* end confdefs.h.  */
| 
| #if defined _MSC_VER && _MSC_VER >= 1500
| /* OK */
| #else
| # error defined _MSC_VER && _MSC_VER >= 1500
| #endif
| 
| int
| main ()
| {
| 
|   ;
|   return 0;
| }
configure:16122: g++ -c -g -O2  conftest.cpp >&5
conftest.cpp:28:3: error: #error defined _MSC_VER && _MSC_VER == 1400
 # error defined _MSC_VER && _MSC_VER == 1400
   ^~~~~
configure:16122: $? = 1
configure: failed program was:
| /* confdefs.h */
| #define PACKAGE_NAME "ShaderExamples"
| #define PACKAGE_TARNAME "shaderexamples"
| #define PACKAGE_VERSION "0.1"
| #define PACKAGE_STRING "ShaderExamples 0.1"
| #define PACKAGE_BUGREPORT ""
| #define PACKAGE_URL ""
| #define PACKAGE "shaderexamples"
| #define VERSION "0.1"
| #define STDC_HEADERS 1
| #define HAVE_SYS_TYPES_H 1
| #define HAVE_SYS_STAT_H 1
| #define HAVE_STDLIB_H 1
| #define HAVE_STRING_H 1
| #define HAVE_MEMORY_H 1
| #define HAVE_STRINGS_H 1
| #define HAVE_INTTYPES_H 1
| #define HAVE_STDINT_H 1
| #define HAVE_UNISTD_H 1
| #define HAVE_DLFCN_H 1
| #define LT_OBJDIR ".libs/"
| #define HAVE_BOOST 1
| /* end confdefs.h.  */
| 
| #if defined _MSC_VER && _MSC_VER == 1400
| /* OK */
| #else
| # error defined _MSC_VER && _MSC_VER == 1400
| #endif
| 
| int
| main ()
| {
| 
|   ;
|   return 0;
| }
configure:16122: g++ -c -g -O2  conftest.cpp >&5
conftest.cpp:28:3: error: #error defined __GNUC__ && __GNUC__ == 3 && __GNUC_MINOR__ == 2 && !defined __ICC
 # error defined __GNUC__ && __GNUC__ == 3 && __GNUC_MINOR__ == 2 && !defined __ICC
   ^~~~~
configure:16122: $? = 1
configure: failed program was:
| /* confdefs.h */
| #define PACKAGE_NAME "ShaderExamples"
| #define PACKAGE_TARNAME "shaderexamples"
| #define PACKAGE_VERSION "0.1"
| #define PACKAGE_STRING "ShaderExamples 0.1"
| #define PACKAGE_BUGREPORT ""
| #define PACKAGE_URL ""
| #define PACKAGE "shaderexamples"
| #define VERSION "0.1"
| #define STDC_HEADERS 1
| #define HAVE_SYS_TYPES_H 1
| #define HAVE_SYS_STAT_H 1
| #define HAVE_STDLIB_H 1
| #define HAVE_STRING_H 1
| #define HAVE_MEMORY_H 1
| #define HAVE_STRINGS_H 1
| #define HAVE_INTTYPES_H 1
| #define HAVE_STDINT_H 1
| #define HAVE_UNISTD_H 1
| #define HAVE_DLFCN_H 1
| #define LT_OBJDIR ".libs/"
| #define HAVE_BOOST 1
| /* end confdefs.h.  */
| 
| #if defined __GNUC__ && __GNUC__ == 3 && __GNUC_MINOR__ == 2 && !defined __ICC
| /* OK */
| #else
| # error defined __GNUC__ && __GNUC__ == 3 && __GNUC_MINOR__ == 2 && !defined __ICC
| #endif
| 
| int
| main ()
| {
| 
|   ;
|   return 0;
| }
configure:16122: g++ -c -g -O2  conftest.cpp >&5
conftest.cpp:28:3: error: #error defined _MSC_VER && _MSC_VER == 1310
 # error defined _MSC_VER && _MSC_VER == 1310
   ^~~~~
configure:16122: $? = 1
configure: failed program was:
| /* confdefs.h */
| #define PACKAGE_NAME "ShaderExamples"
| #define PACKAGE_TARNAME "shaderexamples"
| #define PACKAGE_VERSION "0.1"
| #define PACKAGE_STRING "ShaderExamples 0.1"
| #define PACKAGE_BUGREPORT ""
| #define PACKAGE_URL ""
| #define PACKAGE "shaderexamples"
| #define VERSION "0.1"
| #define STDC_HEADERS 1
| #define HAVE_SYS_TYPES_H 1
| #define HAVE_SYS_STAT_H 1
| #define HAVE_STDLIB_H 1
| #define HAVE_STRING_H 1
| #define HAVE_MEMORY_H 1
| #define HAVE_STRINGS_H 1
| #define HAVE_INTTYPES_H 1
| #define HAVE_STDINT_H 1
| #define HAVE_UNISTD_H 1
| #define HAVE_DLFCN_H 1
| #define LT_OBJDIR ".libs/"
| #define HAVE_BOOST 1
| /* end confdefs.h.  */
| 
| #if defined _MSC_VER && _MSC_VER == 1310
| /* OK */
| #else
| # error defined _MSC_VER && _MSC_VER == 1310
| #endif
| 
| int
| main ()
| {
| 
|   ;
|   return 0;
| }
configure:16122: g++ -c -g -O2  conftest.cpp >&5
conftest.cpp:28:3: error: #error defined __GNUC__ && __GNUC__ == 3 && __GNUC_MINOR__ == 1 && !defined __ICC
 # error defined __GNUC__ && __GNUC__ == 3 && __GNUC_MINOR__ == 1 && !defined __ICC
   ^~~~~
configure:16122: $? = 1
configure: failed program was:
| /* confdefs.h */
| #define PACKAGE_NAME "ShaderExamples"
| #define PACKAGE_TARNAME "shaderexamples"
| #define PACKAGE_VERSION "0.1"
| #define PACKAGE_STRING "ShaderExamples 0.1"
| #define PACKAGE_BUGREPORT ""
| #define PACKAGE_URL ""
| #define PACKAGE "shaderexamples"
| #define VERSION "0.1"
| #define STDC_HEADERS 1
| #define HAVE_SYS_TYPES_H 1
| #define HAVE_SYS_STAT_H 1
| #define HAVE_STDLIB_H 1
| #define HAVE_STRING_H 1
| #define HAVE_MEMORY_H 1
| #define HAVE_STRINGS_H 1
| #define HAVE_INTTYPES_H 1
| #define HAVE_STDINT_H 1
| #define HAVE_UNISTD_H 1
| #define HAVE_DLFCN_H 1
| #define LT_OBJDIR ".libs/"
| #define HAVE_BOOST 1
| /* end confdefs.h.  */
| 
| #if defined __GNUC__ && __GNUC__ == 3 && __GNUC_MINOR__ == 1 && !defined __ICC
| /* OK */
| #else
| # error defined __GNUC__ && __GNUC__ == 3 && __GNUC_MINOR__ == 1 && !defined __ICC
| #endif
| 
| int
| main ()
| {
| 
|   ;
|   return 0;
| }
configure:16122: g++ -c -g -O2  conftest.cpp >&5
conftest.cpp:28:3: error: #error defined __GNUC__ && __GNUC__ == 3 && __GNUC_MINOR__ == 0 && !defined __ICC
 # error defined __GNUC__ && __GNUC__ == 3 && __GNUC_MINOR__ == 0 && !defined __ICC
   ^~~~~
configure:16122: $? = 1
configure: failed program was:
| /* confdefs.h */
| #define PACKAGE_NAME "ShaderExamples"
| #define PACKAGE_TARNAME "shaderexamples"
| #define PACKAGE_VERSION "0.1"
| #define PACKAGE_STRING "ShaderExamples 0.1"
| #define PACKAGE_BUGREPORT ""
| #define PACKAGE_URL ""
| #define PACKAGE "shaderexamples"
| #define VERSION "0.1"
| #define STDC_HEADERS 1
| #define HAVE_SYS_TYPES_H 1
| #define HAVE_SYS_STAT_H 1
| #define HAVE_STDLIB_H 1
| #define HAVE_STRING_H 1
| #define HAVE_MEMORY_H 1
| #define HAVE_STRINGS_H 1
| #define HAVE_INTTYPES_H 1
| #define HAVE_STDINT_H 1
| #define HAVE_UNISTD_H 1
| #define HAVE_DLFCN_H 1
| #define LT_OBJDIR ".libs/"
| #define HAVE_BOOST 1
| /* end confdefs.h.  */
| 
| #if defined __GNUC__ && __GNUC__ == 3 && __GNUC_MINOR__ == 0 && !defined __ICC
| /* OK */
| #else
| # error defined __GNUC__ && __GNUC__ == 3 && __GNUC_MINOR__ == 0 && !defined __ICC
| #endif
| 
| int
| main ()
| {
| 
|   ;
|   return 0;
| }
configure:16122: g++ -c -g -O2  conftest.cpp >&5
conftest.cpp:28:3: error: #error defined __BORLANDC__
 # error defined __BORLANDC__
   ^~~~~
configure:16122: $? = 1
configure: failed program was:
| /* confdefs.h */
| #define PACKAGE_NAME "ShaderExamples"
| #define PACKAGE_TARNAME "shaderexamples"
| #define PACKAGE_VERSION "0.1"
| #define PACKAGE_STRING "ShaderExamples 0.1"
| #define PACKAGE_BUGREPORT ""
| #define PACKAGE_URL ""
| #define PACKAGE "shaderexamples"
| #define VERSION "0.1"
| #define STDC_HEADERS 1
| #define HAVE_SYS_TYPES_H 1
| #define HAVE_SYS_STAT_H 1
| #define HAVE_STDLIB_H 1
| #define HAVE_STRING_H 1
| #define HAVE_MEMORY_H 1
| #define HAVE_STRINGS_H 1
| #define HAVE_INTTYPES_H 1
| #define HAVE_STDINT_H 1
| #define HAVE_UNISTD_H 1
| #define HAVE_DLFCN_H 1
| #define LT_OBJDIR ".libs/"
| #define HAVE_BOOST 1
| /* end confdefs.h.  */
| 
| #if defined __BORLANDC__
| /* OK */
| #else
| # error defined __BORLANDC__
| #endif
| 
| int
| main ()
| {
| 
|   ;
|   return 0;
| }
configure:16122: g++ -c -g -O2  conftest.cpp >&5
conftest.cpp:25:49: error: operator "defined" requires an identifier
 #if defined __ICC && (defined __unix || defined )
                                                 ^
conftest.cpp:25:22: error: missing ')' in expression
 #if defined __ICC && (defined __unix || defined )
                      ^
conftest.cpp:28:3: error: #error defined __ICC && (defined __unix || defined )
 # error defined __ICC && (defined __unix || defined )
   ^~~~~
configure:16122: $? = 1
configure: failed program was:
| /* confdefs.h */
| #define PACKAGE_NAME "ShaderExamples"
| #define PACKAGE_TARNAME "shaderexamples"
| #define PACKAGE_VERSION "0.1"
| #define PACKAGE_STRING "ShaderExamples 0.1"
| #define PACKAGE_BUGREPORT ""
| #define PACKAGE_URL ""
| #define PACKAGE "shaderexamples"
| #define VERSION "0.1"
| #define STDC_HEADERS 1
| #define HAVE_SYS_TYPES_H 1
| #define HAVE_SYS_STAT_H 1
| #define HAVE_STDLIB_H 1
| #define HAVE_STRING_H 1
| #define HAVE_MEMORY_H 1
| #define HAVE_STRINGS_H 1
| #define HAVE_INTTYPES_H 1
| #define HAVE_STDINT_H 1
| #define HAVE_UNISTD_H 1
| #define HAVE_DLFCN_H 1
| #define LT_OBJDIR ".libs/"
| #define HAVE_BOOST 1
| /* end confdefs.h.  */
| 
| #if defined __ICC && (defined __unix || defined )
| /* OK */
| #else
| # error defined __ICC && (defined __unix || defined )
| #endif
| 
| int
| main ()
| {
| 
|   ;
|   return 0;
| }
configure:16122: g++ -c -g -O2  conftest.cpp >&5
conftest.cpp:28:3: error: #error defined __ICL
 # error defined __ICL
   ^~~~~
configure:16122: $? = 1
configure: failed program was:
| /* confdefs.h */
| #define PACKAGE_NAME "ShaderExamples"
| #define PACKAGE_TARNAME "shaderexamples"
| #define PACKAGE_VERSION "0.1"
| #define PACKAGE_STRING "ShaderExamples 0.1"
| #define PACKAGE_BUGREPORT ""
| #define PACKAGE_URL ""
| #define PACKAGE "shaderexamples"
| #define VERSION "0.1"
| #define STDC_HEADERS 1
| #define HAVE_SYS_TYPES_H 1
| #define HAVE_SYS_STAT_H 1
| #define HAVE_STDLIB_H 1
| #define HAVE_STRING_H 1
| #define HAVE_MEMORY_H 1
| #define HAVE_STRINGS_H 1
| #define HAVE_INTTYPES_H 1
| #define HAVE_STDINT_H 1
| #define HAVE_UNISTD_H 1
| #define HAVE_DLFCN_H 1
| #define LT_OBJDIR ".libs/"
| #define HAVE_BOOST 1
| /* end confdefs.h.  */
| 
| #if defined __ICL
| /* OK */
| #else
| # error defined __ICL
| #endif
| 
| int
| main ()
| {
| 
|   ;
|   return 0;
| }
configure:16122: g++ -c -g -O2  conftest.cpp >&5
conftest.cpp:28:3: error: #error defined _MSC_VER && _MSC_VER == 1300
 # error defined _MSC_VER && _MSC_VER == 1300
   ^~~~~
configure:16122: $? = 1
configure: failed program was:
| /* confdefs.h */
| #define PACKAGE_NAME "ShaderExamples"
| #define PACKAGE_TARNAME "shaderexamples"
| #define PACKAGE_VERSION "0.1"
| #define PACKAGE_STRING "ShaderExamples 0.1"
| #define PACKAGE_BUGREPORT ""
| #define PACKAGE_URL ""
| #define PACKAGE "shaderexamples"
| #define VERSION "0.1"
| #define STDC_HEADERS 1
| #define HAVE_SYS_TYPES_H 1
| #define HAVE_SYS_STAT_H 1
| #define HAVE_STDLIB_H 1
| #define HAVE_STRING_H 1
| #define HAVE_MEMORY_H 1
| #define HAVE_STRINGS_H 1
| #define HAVE_INTTYPES_H 1
| #define HAVE_STDINT_H 1
| #define HAVE_UNISTD_H 1
| #define HAVE_DLFCN_H 1
| #define LT_OBJDIR ".libs/"
| #define HAVE_BOOST 1
| /* end confdefs.h.  */
| 
| #if defined _MSC_VER && _MSC_VER == 1300
| /* OK */
| #else
| # error defined _MSC_VER && _MSC_VER == 1300
| #endif
| 
| int
| main ()
| {
| 
|   ;
|   return 0;
| }
configure:16122: g++ -c -g -O2  conftest.cpp >&5
conftest.cpp:28:3: error: #error defined __GNUC__ && __GNUC__ == 2 && __GNUC_MINOR__ == 95 && !defined __ICC
 # error defined __GNUC__ && __GNUC__ == 2 && __GNUC_MINOR__ == 95 && !defined __ICC
   ^~~~~
configure:16122: $? = 1
configure: failed program was:
| /* confdefs.h */
| #define PACKAGE_NAME "ShaderExamples"
| #define PACKAGE_TARNAME "shaderexamples"
| #define PACKAGE_VERSION "0.1"
| #define PACKAGE_STRING "ShaderExamples 0.1"
| #define PACKAGE_BUGREPORT ""
| #define PACKAGE_URL ""
| #define PACKAGE "shaderexamples"
| #define VERSION "0.1"
| #define STDC_HEADERS 1
| #define HAVE_SYS_TYPES_H 1
| #define HAVE_SYS_STAT_H 1
| #define HAVE_STDLIB_H 1
| #define HAVE_STRING_H 1
| #define HAVE_MEMORY_H 1
| #define HAVE_STRINGS_H 1
| #define HAVE_INTTYPES_H 1
| #define HAVE_STDINT_H 1
| #define HAVE_UNISTD_H 1
| #define HAVE_DLFCN_H 1
| #define LT_OBJDIR ".libs/"
| #define HAVE_BOOST 1
| /* end confdefs.h.  */
| 
| #if defined __GNUC__ && __GNUC__ == 2 && __GNUC_MINOR__ == 95 && !defined __ICC
| /* OK */
| #else
| # error defined __GNUC__ && __GNUC__ == 2 && __GNUC_MINOR__ == 95 && !defined __ICC
| #endif
| 
| int
| main ()
| {
| 
|   ;
|   return 0;
| }
configure:16122: g++ -c -g -O2  conftest.cpp >&5
conftest.cpp:28:3: error: #error defined __MWERKS__ && __MWERKS__ <= 0x32FF
 # error defined __MWERKS__ && __MWERKS__ <= 0x32FF
   ^~~~~
configure:16122: $? = 1
configure: failed program was:
| /* confdefs.h */
| #define PACKAGE_NAME "ShaderExamples"
| #define PACKAGE_TARNAME "shaderexamples"
| #define PACKAGE_VERSION "0.1"
| #define PACKAGE_STRING "ShaderExamples 0.1"
| #define PACKAGE_BUGREPORT ""
| #define PACKAGE_URL ""
| #define PACKAGE "shaderexamples"
| #define VERSION "0.1"
| #define STDC_HEADERS 1
| #define HAVE_SYS_TYPES_H 1
| #define HAVE_SYS_STAT_H 1
| #define HAVE_STDLIB_H 1
| #define HAVE_STRING_H 1
| #define HAVE_MEMORY_H 1
| #define HAVE_STRINGS_H 1
| #define HAVE_INTTYPES_H 1
| #define HAVE_STDINT_H 1
| #define HAVE_UNISTD_H 1
| #define HAVE_DLFCN_H 1
| #define LT_OBJDIR ".libs/"
| #define HAVE_BOOST 1
| /* end confdefs.h.  */
| 
| #if defined __MWERKS__ && __MWERKS__ <= 0x32FF
| /* OK */
| #else
| # error defined __MWERKS__ && __MWERKS__ <= 0x32FF
| #endif
| 
| int
| main ()
| {
| 
|   ;
|   return 0;
| }
configure:16122: g++ -c -g -O2  conftest.cpp >&5
conftest.cpp:28:3: error: #error defined _MSC_VER && _MSC_VER < 1300 && !defined UNDER_CE
 # error defined _MSC_VER && _MSC_VER < 1300 && !defined UNDER_CE
   ^~~~~
configure:16122: $? = 1
configure: failed program was:
| /* confdefs.h */
| #define PACKAGE_NAME "ShaderExamples"
| #define PACKAGE_TARNAME "shaderexamples"
| #define PACKAGE_VERSION "0.1"
| #define PACKAGE_STRING "ShaderExamples 0.1"
| #define PACKAGE_BUGREPORT ""
| #define PACKAGE_URL ""
| #define PACKAGE "shaderexamples"
| #define VERSION "0.1"
| #define STDC_HEADERS 1
| #define HAVE_SYS_TYPES_H 1
| #define HAVE_SYS_STAT_H 1
| #define HAVE_STDLIB_H 1
| #define HAVE_STRING_H 1
| #define HAVE_MEMORY_H 1
| #define HAVE_STRINGS_H 1
| #define HAVE_INTTYPES_H 1
| #define HAVE_STDINT_H 1
| #define HAVE_UNISTD_H 1
| #define HAVE_DLFCN_H 1
| #define LT_OBJDIR ".libs/"
| #define HAVE_BOOST 1
| /* end confdefs.h.  */
| 
| #if defined _MSC_VER && _MSC_VER < 1300 && !defined UNDER_CE
| /* OK */
| #else
| # error defined _MSC_VER && _MSC_VER < 1300 && !defined UNDER_CE
| #endif
| 
| int
| main ()
| {
| 
|   ;
|   return 0;
| }
configure:16122: g++ -c -g -O2  conftest.cpp >&5
conftest.cpp:28:3: error: #error defined _MSC_VER && _MSC_VER < 1300 && defined UNDER_CE
 # error defined _MSC_VER && _MSC_VER < 1300 && defined UNDER_CE
   ^~~~~
configure:16122: $? = 1
configure: failed program was:
| /* confdefs.h */
| #define PACKAGE_NAME "ShaderExamples"
| #define PACKAGE_TARNAME "shaderexamples"
| #define PACKAGE_VERSION "0.1"
| #define PACKAGE_STRING "ShaderExamples 0.1"
| #define PACKAGE_BUGREPORT ""
| #define PACKAGE_URL ""
| #define PACKAGE "shaderexamples"
| #define VERSION "0.1"
| #define STDC_HEADERS 1
| #define HAVE_SYS_TYPES_H 1
| #define HAVE_SYS_STAT_H 1
| #define HAVE_STDLIB_H 1
| #define HAVE_STRING_H 1
| #define HAVE_MEMORY_H 1
| #define HAVE_STRINGS_H 1
| #define HAVE_INTTYPES_H 1
| #define HAVE_STDINT_H 1
| #define HAVE_UNISTD_H 1
| #define HAVE_DLFCN_H 1
| #define LT_OBJDIR ".libs/"
| #define HAVE_BOOST 1
| /* end confdefs.h.  */
| 
| #if defined _MSC_VER && _MSC_VER < 1300 && defined UNDER_CE
| /* OK */
| #else
| # error defined _MSC_VER && _MSC_VER < 1300 && defined UNDER_CE
| #endif
| 
| int
| main ()
| {
| 
|   ;
|   return 0;
| }
configure:16122: g++ -c -g -O2  conftest.cpp >&5
conftest.cpp:28:3: error: #error defined __MWERKS__ && __MWERKS__ <= 0x31FF
 # error defined __MWERKS__ && __MWERKS__ <= 0x31FF
   ^~~~~
configure:16122: $? = 1
configure: failed program was:
| /* confdefs.h */
| #define PACKAGE_NAME "ShaderExamples"
| #define PACKAGE_TARNAME "shaderexamples"
| #define PACKAGE_VERSION "0.1"
| #define PACKAGE_STRING "ShaderExamples 0.1"
| #define PACKAGE_BUGREPORT ""
| #define PACKAGE_URL ""
| #define PACKAGE "shaderexamples"
| #define VERSION "0.1"
| #define STDC_HEADERS 1
| #define HAVE_SYS_TYPES_H 1
| #define HAVE_SYS_STAT_H 1
| #define HAVE_STDLIB_H 1
| #define HAVE_STRING_H 1
| #define HAVE_MEMORY_H 1
| #define HAVE_STRINGS_H 1
| #define HAVE_INTTYPES_H 1
| #define HAVE_STDINT_H 1
| #define HAVE_UNISTD_H 1
| #define HAVE_DLFCN_H 1
| #define LT_OBJDIR ".libs/"
| #define HAVE_BOOST 1
| /* end confdefs.h.  */
| 
| #if defined __MWERKS__ && __MWERKS__ <= 0x31FF
| /* OK */
| #else
| # error defined __MWERKS__ && __MWERKS__ <= 0x31FF
| #endif
| 
| int
| main ()
| {
| 
|   ;
|   return 0;
| }
configure:16150: WARNING: could not figure out which toolset name to use for g++
configure:16157: result: 
configure:16189: g++ -c -g -O2  conftest.cpp >&5
conftest.cpp:28:3: error: #error MT not needed
 # error MT not needed
   ^~~~~
configure:16189: $? = 1
configure: failed program was:
| /* confdefs.h */
| #define PACKAGE_NAME "ShaderExamples"
| #define PACKAGE_TARNAME "shaderexamples"
| #define PACKAGE_VERSION "0.1"
| #define PACKAGE_STRING "ShaderExamples 0.1"
| #define PACKAGE_BUGREPORT ""
| #define PACKAGE_URL ""
| #define PACKAGE "shaderexamples"
| #define VERSION "0.1"
| #define STDC_HEADERS 1
| #define HAVE_SYS_TYPES_H 1
| #define HAVE_SYS_STAT_H 1
| #define HAVE_STDLIB_H 1
| #define HAVE_STRING_H 1
| #define HAVE_MEMORY_H 1
| #define HAVE_STRINGS_H 1
| #define HAVE_INTTYPES_H 1
| #define HAVE_STDINT_H 1
| #define HAVE_UNISTD_H 1
| #define HAVE_DLFCN_H 1
| #define LT_OBJDIR ".libs/"
| #define HAVE_BOOST 1
| /* end confdefs.h.  */
| 
| #if defined _REENTRANT || defined _MT || defined __MT__
| /* use -mt */
| #else
| # error MT not needed
| #endif
| 
| int
| main ()
| {
| 
|   ;
|   return 0;
| }
configure:16221: checking boost/program_options.hpp usability
configure:16221: g++ -c -g -O2   conftest.cpp >&5
configure:16221: $? = 0
configure:16221: result: yes
configure:16221: checking boost/program_options.hpp presence
configure:16221: g++ -E   conftest.cpp
configure:16221: $? = 0
configure:16221: result: yes
configure:16221: checking for boost/program_options.hpp
configure:16221: result: yes
configure:16241: checking for the Boost program_options library
configure:16283: g++ -c -g -O2   conftest.cpp >&5
configure:16283: $? = 0
configure:16338: re-using the existing conftest.o
configure:16344: g++ -o conftest -g -O2    conftest.o -lboost_program_options--mt-1_60  >&5
/usr/bin/ld: cannot find -lboost_program_options--mt-1_60
collect2: error: ld returned 1 exit status
configure:16353: $? = 1
configure:16338: re-using the existing conftest.o
configure:16344: g++ -o conftest -g -O2    -L/usr/local/lib conftest.o -lboost_program_options--mt-1_60  >&5
/usr/bin/ld: cannot find -lboost_program_options--mt-1_60
collect2: error: ld returned 1 exit status
configure:16353: $? = 1
configure:16338: re-using the existing conftest.o
configure:16344: g++ -o conftest -g -O2    -L/usr/local/lib64 conftest.o -lboost_program_options--mt-1_60  >&5
/usr/bin/ld: cannot find -lboost_program_options--mt-1_60
collect2: error: ld returned 1 exit status
configure:16353: $? = 1
configure:16338: re-using the existing conftest.o
configure:16344: g++ -o conftest -g -O2    -L/usr/local/libexec conftest.o -lboost_program_options--mt-1_60  >&5
/usr/bin/ld: cannot find -lboost_program_options--mt-1_60
collect2: error: ld returned 1 exit status
configure:16353: $? = 1
configure:16338: re-using the existing conftest.o
configure:16344: g++ -o conftest -g -O2    -L/usr/lib conftest.o -lboost_program_options--mt-1_60  >&5
/usr/bin/ld: cannot find -lboost_program_options--mt-1_60
/usr/bin/ld: skipping incompatible /usr/lib/libm.so when searching for -lm
collect2: error: ld returned 1 exit status
configure:16353: $? = 1
configure:16338: re-using the existing conftest.o
configure:16344: g++ -o conftest -g -O2    -L/usr/lib64 conftest.o -lboost_program_options--mt-1_60  >&5
/usr/bin/ld: cannot find -lboost_program_options--mt-1_60
collect2: error: ld returned 1 exit status
configure:16353: $? = 1
configure:16338: re-using the existing conftest.o
configure:16344: g++ -o conftest -g -O2    -L/usr/libexec conftest.o -lboost_program_options--mt-1_60  >&5
/usr/bin/ld: cannot find -lboost_program_options--mt-1_60
collect2: error: ld returned 1 exit status
configure:16353: $? = 1
configure:16338: re-using the existing conftest.o
configure:16344: g++ -o conftest -g -O2    conftest.o -lboost_program_options--mt-1_60  >&5
/usr/bin/ld: cannot find -lboost_program_options--mt-1_60
collect2: error: ld returned 1 exit status
configure:16353: $? = 1
configure:16338: re-using the existing conftest.o
configure:16344: g++ -o conftest -g -O2    -L/lib conftest.o -lboost_program_options--mt-1_60  >&5
/usr/bin/ld: cannot find -lboost_program_options--mt-1_60
/usr/bin/ld: skipping incompatible /lib/libm.so when searching for -lm
collect2: error: ld returned 1 exit status
configure:16353: $? = 1
configure:16338: re-using the existing conftest.o
configure:16344: g++ -o conftest -g -O2    -L/lib64 conftest.o -lboost_program_options--mt-1_60  >&5
/usr/bin/ld: cannot find -lboost_program_options--mt-1_60
collect2: error: ld returned 1 exit status
configure:16353: $? = 1
configure:16338: re-using the existing conftest.o
configure:16344: g++ -o conftest -g -O2    conftest.o -lboost_program_options--1_60  >&5
/usr/bin/ld: cannot find -lboost_program_options--1_60
collect2: error: ld returned 1 exit status
configure:16353: $? = 1
configure:16338: re-using the existing conftest.o
configure:16344: g++ -o conftest -g -O2    -L/usr/local/lib conftest.o -lboost_program_options--1_60  >&5
/usr/bin/ld: cannot find -lboost_program_options--1_60
collect2: error: ld returned 1 exit status
configure:16353: $? = 1
configure:16338: re-using the existing conftest.o
configure:16344: g++ -o conftest -g -O2    -L/usr/local/lib64 conftest.o -lboost_program_options--1_60  >&5
/usr/bin/ld: cannot find -lboost_program_options--1_60
collect2: error: ld returned 1 exit status
configure:16353: $? = 1
configure:16338: re-using the existing conftest.o
configure:16344: g++ -o conftest -g -O2    -L/usr/local/libexec conftest.o -lboost_program_options--1_60  >&5
/usr/bin/ld: cannot find -lboost_program_options--1_60
collect2: error: ld returned 1 exit status
configure:16353: $? = 1
configure:16338: re-using the existing conftest.o
configure:16344: g++ -o conftest -g -O2    -L/usr/lib conftest.o -lboost_program_options--1_60  >&5
/usr/bin/ld: cannot find -lboost_program_options--1_60
/usr/bin/ld: skipping incompatible /usr/lib/libm.so when searching for -lm
collect2: error: ld returned 1 exit status
configure:16353: $? = 1
configure:16338: re-using the existing conftest.o
configure:16344: g++ -o conftest -g -O2    -L/usr/lib64 conftest.o -lboost_program_options--1_60  >&5
/usr/bin/ld: cannot find -lboost_program_options--1_60
collect2: error: ld returned 1 exit status
configure:16353: $? = 1
configure:16338: re-using the existing conftest.o
configure:16344: g++ -o conftest -g -O2    -L/usr/libexec conftest.o -lboost_program_options--1_60  >&5
/usr/bin/ld: cannot find -lboost_program_options--1_60
collect2: error: ld returned 1 exit status
configure:16353: $? = 1
configure:16338: re-using the existing conftest.o
configure:16344: g++ -o conftest -g -O2    conftest.o -lboost_program_options--1_60  >&5
/usr/bin/ld: cannot find -lboost_program_options--1_60
collect2: error: ld returned 1 exit status
configure:16353: $? = 1
configure:16338: re-using the existing conftest.o
configure:16344: g++ -o conftest -g -O2    -L/lib conftest.o -lboost_program_options--1_60  >&5
/usr/bin/ld: cannot find -lboost_program_options--1_60
/usr/bin/ld: skipping incompatible /lib/libm.so when searching for -lm
collect2: error: ld returned 1 exit status
configure:16353: $? = 1
configure:16338: re-using the existing conftest.o
configure:16344: g++ -o conftest -g -O2    -L/lib64 conftest.o -lboost_program_options--1_60  >&5
/usr/bin/ld: cannot find -lboost_program_options--1_60
collect2: error: ld returned 1 exit status
configure:16353: $? = 1
configure:16338: re-using the existing conftest.o
configure:16344: g++ -o conftest -g -O2    conftest.o -lboost_program_options--mt-d-1_60  >&5
/usr/bin/ld: cannot find -lboost_program_options--mt-d-1_60
collect2: error: ld returned 1 exit status
configure:16353: $? = 1
configure:16338: re-using the existing conftest.o
configure:16344: g++ -o conftest -g -O2    -L/usr/local/lib conftest.o -lboost_program_options--mt-d-1_60  >&5
/usr/bin/ld: cannot find -lboost_program_options--mt-d-1_60
collect2: error: ld returned 1 exit status
configure:16353: $? = 1
configure:16338: re-using the existing conftest.o
configure:16344: g++ -o conftest -g -O2    -L/usr/local/lib64 conftest.o -lboost_program_options--mt-d-1_60  >&5
/usr/bin/ld: cannot find -lboost_program_options--mt-d-1_60
collect2: error: ld returned 1 exit status
configure:16353: $? = 1
configure:16338: re-using the existing conftest.o
configure:16344: g++ -o conftest -g -O2    -L/usr/local/libexec conftest.o -lboost_program_options--mt-d-1_60  >&5
/usr/bin/ld: cannot find -lboost_program_options--mt-d-1_60
collect2: error: ld returned 1 exit status
configure:16353: $? = 1
configure:16338: re-using the existing conftest.o
configure:16344: g++ -o conftest -g -O2    -L/usr/lib conftest.o -lboost_program_options--mt-d-1_60  >&5
/usr/bin/ld: cannot find -lboost_program_options--mt-d-1_60
/usr/bin/ld: skipping incompatible /usr/lib/libm.so when searching for -lm
collect2: error: ld returned 1 exit status
configure:16353: $? = 1
configure:16338: re-using the existing conftest.o
configure:16344: g++ -o conftest -g -O2    -L/usr/lib64 conftest.o -lboost_program_options--mt-d-1_60  >&5
/usr/bin/ld: cannot find -lboost_program_options--mt-d-1_60
collect2: error: ld returned 1 exit status
configure:16353: $? = 1
configure:16338: re-using the existing conftest.o
configure:16344: g++ -o conftest -g -O2    -L/usr/libexec conftest.o -lboost_program_options--mt-d-1_60  >&5
/usr/bin/ld: cannot find -lboost_program_options--mt-d-1_60
collect2: error: ld returned 1 exit status
configure:16353: $? = 1
configure:16338: re-using the existing conftest.o
configure:16344: g++ -o conftest -g -O2    conftest.o -lboost_program_options--mt-d-1_60  >&5
/usr/bin/ld: cannot find -lboost_program_options--mt-d-1_60
collect2: error: ld returned 1 exit status
configure:16353: $? = 1
configure:16338: re-using the existing conftest.o
configure:16344: g++ -o conftest -g -O2    -L/lib conftest.o -lboost_program_options--mt-d-1_60  >&5
/usr/bin/ld: cannot find -lboost_program_options--mt-d-1_60
/usr/bin/ld: skipping incompatible /lib/libm.so when searching for -lm
collect2: error: ld returned 1 exit status
configure:16353: $? = 1
configure:16338: re-using the existing conftest.o
configure:16344: g++ -o conftest -g -O2    -L/lib64 conftest.o -lboost_program_options--mt-d-1_60  >&5
/usr/bin/ld: cannot find -lboost_program_options--mt-d-1_60
collect2: error: ld returned 1 exit status
configure:16353: $? = 1
configure:16338: re-using the existing conftest.o
configure:16344: g++ -o conftest -g -O2    conftest.o -lboost_program_options--d-1_60  >&5
/usr/bin/ld: cannot find -lboost_program_options--d-1_60
collect2: error: ld returned 1 exit status
configure:16353: $? = 1
configure:16338: re-using the existing conftest.o
configure:16344: g++ -o conftest -g -O2    -L/usr/local/lib conftest.o -lboost_program_options--d-1_60  >&5
/usr/bin/ld: cannot find -lboost_program_options--d-1_60
collect2: error: ld returned 1 exit status
configure:16353: $? = 1
configure:16338: re-using the existing conftest.o
configure:16344: g++ -o conftest -g -O2    -L/usr/local/lib64 conftest.o -lboost_program_options--d-1_60  >&5
/usr/bin/ld: cannot find -lboost_program_options--d-1_60
collect2: error: ld returned 1 exit status
configure:16353: $? = 1
configure:16338: re-using the existing conftest.o
configure:16344: g++ -o conftest -g -O2    -L/usr/local/libexec conftest.o -lboost_program_options--d-1_60  >&5
/usr/bin/ld: cannot find -lboost_program_options--d-1_60
collect2: error: ld returned 1 exit status
configure:16353: $? = 1
configure:16338: re-using the existing conftest.o
configure:16344: g++ -o conftest -g -O2    -L/usr/lib conftest.o -lboost_program_options--d-1_60  >&5
/usr/bin/ld: cannot find -lboost_program_options--d-1_60
/usr/bin/ld: skipping incompatible /usr/lib/libm.so when searching for -lm
collect2: error: ld returned 1 exit status
configure:16353: $? = 1
configure:16338: re-using the existing conftest.o
configure:16344: g++ -o conftest -g -O2    -L/usr/lib64 conftest.o -lboost_program_options--d-1_60  >&5
/usr/bin/ld: cannot find -lboost_program_options--d-1_60
collect2: error: ld returned 1 exit status
configure:16353: $? = 1
configure:16338: re-using the existing conftest.o
configure:16344: g++ -o conftest -g -O2    -L/usr/libexec conftest.o -lboost_program_options--d-1_60  >&5
/usr/bin/ld: cannot find -lboost_program_options--d-1_60
collect2: error: ld returned 1 exit status
configure:16353: $? = 1
configure:16338: re-using the existing conftest.o
configure:16344: g++ -o conftest -g -O2    conftest.o -lboost_program_options--d-1_60  >&5
/usr/bin/ld: cannot find -lboost_program_options--d-1_60
collect2: error: ld returned 1 exit status
configure:16353: $? = 1
configure:16338: re-using the existing conftest.o
configure:16344: g++ -o conftest -g -O2    -L/lib conftest.o -lboost_program_options--d-1_60  >&5
/usr/bin/ld: cannot find -lboost_program_options--d-1_60
/usr/bin/ld: skipping incompatible /lib/libm.so when searching for -lm
collect2: error: ld returned 1 exit status
configure:16353: $? = 1
configure:16338: re-using the existing conftest.o
configure:16344: g++ -o conftest -g -O2    -L/lib64 conftest.o -lboost_program_options--d-1_60  >&5
/usr/bin/ld: cannot find -lboost_program_options--d-1_60
collect2: error: ld returned 1 exit status
configure:16353: $? = 1
configure:16338: re-using the existing conftest.o
configure:16344: g++ -o conftest -g -O2    conftest.o -lboost_program_options--mt  >&5
/usr/bin/ld: cannot find -lboost_program_options--mt
collect2: error: ld returned 1 exit status
configure:16353: $? = 1
configure:16338: re-using the existing conftest.o
configure:16344: g++ -o conftest -g -O2    -L/usr/local/lib conftest.o -lboost_program_options--mt  >&5
/usr/bin/ld: cannot find -lboost_program_options--mt
collect2: error: ld returned 1 exit status
configure:16353: $? = 1
configure:16338: re-using the existing conftest.o
configure:16344: g++ -o conftest -g -O2    -L/usr/local/lib64 conftest.o -lboost_program_options--mt  >&5
/usr/bin/ld: cannot find -lboost_program_options--mt
collect2: error: ld returned 1 exit status
configure:16353: $? = 1
configure:16338: re-using the existing conftest.o
configure:16344: g++ -o conftest -g -O2    -L/usr/local/libexec conftest.o -lboost_program_options--mt  >&5
/usr/bin/ld: cannot find -lboost_program_options--mt
collect2: error: ld returned 1 exit status
configure:16353: $? = 1
configure:16338: re-using the existing conftest.o
configure:16344: g++ -o conftest -g -O2    -L/usr/lib conftest.o -lboost_program_options--mt  >&5
/usr/bin/ld: cannot find -lboost_program_options--mt
/usr/bin/ld: skipping incompatible /usr/lib/libm.so when searching for -lm
collect2: error: ld returned 1 exit status
configure:16353: $? = 1
configure:16338: re-using the existing conftest.o
configure:16344: g++ -o conftest -g -O2    -L/usr/lib64 conftest.o -lboost_program_options--mt  >&5
/usr/bin/ld: cannot find -lboost_program_options--mt
collect2: error: ld returned 1 exit status
configure:16353: $? = 1
configure:16338: re-using the existing conftest.o
configure:16344: g++ -o conftest -g -O2    -L/usr/libexec conftest.o -lboost_program_options--mt  >&5
/usr/bin/ld: cannot find -lboost_program_options--mt
collect2: error: ld returned 1 exit status
configure:16353: $? = 1
configure:16338: re-using the existing conftest.o
configure:16344: g++ -o conftest -g -O2    conftest.o -lboost_program_options--mt  >&5
/usr/bin/ld: cannot find -lboost_program_options--mt
collect2: error: ld returned 1 exit status
configure:16353: $? = 1
configure:16338: re-using the existing conftest.o
configure:16344: g++ -o conftest -g -O2    -L/lib conftest.o -lboost_program_options--mt  >&5
/usr/bin/ld: cannot find -lboost_program_options--mt
/usr/bin/ld: skipping incompatible /lib/libm.so when searching for -lm
collect2: error: ld returned 1 exit status
configure:16353: $? = 1
configure:16338: re-using the existing conftest.o
configure:16344: g++ -o conftest -g -O2    -L/lib64 conftest.o -lboost_program_options--mt  >&5
/usr/bin/ld: cannot find -lboost_program_options--mt
collect2: error: ld returned 1 exit status
configure:16353: $? = 1
configure:16338: re-using the existing conftest.o
configure:16344: g++ -o conftest -g -O2    conftest.o -lboost_program_options-  >&5
/usr/bin/ld: cannot find -lboost_program_options-
collect2: error: ld returned 1 exit status
configure:16353: $? = 1
configure:16338: re-using the existing conftest.o
configure:16344: g++ -o conftest -g -O2    -L/usr/local/lib conftest.o -lboost_program_options-  >&5
/usr/bin/ld: cannot find -lboost_program_options-
collect2: error: ld returned 1 exit status
configure:16353: $? = 1
configure:16338: re-using the existing conftest.o
configure:16344: g++ -o conftest -g -O2    -L/usr/local/lib64 conftest.o -lboost_program_options-  >&5
/usr/bin/ld: cannot find -lboost_program_options-
collect2: error: ld returned 1 exit status
configure:16353: $? = 1
configure:16338: re-using the existing conftest.o
configure:16344: g++ -o conftest -g -O2    -L/usr/local/libexec conftest.o -lboost_program_options-  >&5
/usr/bin/ld: cannot find -lboost_program_options-
collect2: error: ld returned 1 exit status
configure:16353: $? = 1
configure:16338: re-using the existing conftest.o
configure:16344: g++ -o conftest -g -O2    -L/usr/lib conftest.o -lboost_program_options-  >&5
/usr/bin/ld: cannot find -lboost_program_options-
/usr/bin/ld: skipping incompatible /usr/lib/libm.so when searching for -lm
collect2: error: ld returned 1 exit status
configure:16353: $? = 1
configure:16338: re-using the existing conftest.o
configure:16344: g++ -o conftest -g -O2    -L/usr/lib64 conftest.o -lboost_program_options-  >&5
/usr/bin/ld: cannot find -lboost_program_options-
collect2: error: ld returned 1 exit status
configure:16353: $? = 1
configure:16338: re-using the existing conftest.o
configure:16344: g++ -o conftest -g -O2    -L/usr/libexec conftest.o -lboost_program_options-  >&5
/usr/bin/ld: cannot find -lboost_program_options-
collect2: error: ld returned 1 exit status
configure:16353: $? = 1
configure:16338: re-using the existing conftest.o
configure:16344: g++ -o conftest -g -O2    conftest.o -lboost_program_options-  >&5
/usr/bin/ld: cannot find -lboost_program_options-
collect2: error: ld returned 1 exit status
configure:16353: $? = 1
configure:16338: re-using the existing conftest.o
configure:16344: g++ -o conftest -g -O2    -L/lib conftest.o -lboost_program_options-  >&5
/usr/bin/ld: cannot find -lboost_program_options-
/usr/bin/ld: skipping incompatible /lib/libm.so when searching for -lm
collect2: error: ld returned 1 exit status
configure:16353: $? = 1
configure:16338: re-using the existing conftest.o
configure:16344: g++ -o conftest -g -O2    -L/lib64 conftest.o -lboost_program_options-  >&5
/usr/bin/ld: cannot find -lboost_program_options-
collect2: error: ld returned 1 exit status
configure:16353: $? = 1
configure:16338: re-using the existing conftest.o
configure:16344: g++ -o conftest -g -O2    conftest.o -lboost_program_options--mt-d  >&5
/usr/bin/ld: cannot find -lboost_program_options--mt-d
collect2: error: ld returned 1 exit status
configure:16353: $? = 1
configure:16338: re-using the existing conftest.o
configure:16344: g++ -o conftest -g -O2    -L/usr/local/lib conftest.o -lboost_program_options--mt-d  >&5
/usr/bin/ld: cannot find -lboost_program_options--mt-d
collect2: error: ld returned 1 exit status
configure:16353: $? = 1
configure:16338: re-using the existing conftest.o
configure:16344: g++ -o conftest -g -O2    -L/usr/local/lib64 conftest.o -lboost_program_options--mt-d  >&5
/usr/bin/ld: cannot find -lboost_program_options--mt-d
collect2: error: ld returned 1 exit status
configure:16353: $? = 1
configure:16338: re-using the existing conftest.o
configure:16344: g++ -o conftest -g -O2    -L/usr/local/libexec conftest.o -lboost_program_options--mt-d  >&5
/usr/bin/ld: cannot find -lboost_program_options--mt-d
collect2: error: ld returned 1 exit status
configure:16353: $? = 1
configure:16338: re-using the existing conftest.o
configure:16344: g++ -o conftest -g -O2    -L/usr/lib conftest.o -lboost_program_options--mt-d  >&5
/usr/bin/ld: cannot find -lboost_program_options--mt-d
/usr/bin/ld: skipping incompatible /usr/lib/libm.so when searching for -lm
collect2: error: ld returned 1 exit status
configure:16353: $? = 1
configure:16338: re-using the existing conftest.o
configure:16344: g++ -o conftest -g -O2    -L/usr/lib64 conftest.o -lboost_program_options--mt-d  >&5
/usr/bin/ld: cannot find -lboost_program_options--mt-d
collect2: error: ld returned 1 exit status
configure:16353: $? = 1
configure:16338: re-using the existing conftest.o
configure:16344: g++ -o conftest -g -O2    -L/usr/libexec conftest.o -lboost_program_options--mt-d  >&5
/usr/bin/ld: cannot find -lboost_program_options--mt-d
collect2: error: ld returned 1 exit status
configure:16353: $? = 1
configure:16338: re-using the existing conftest.o
configure:16344: g++ -o conftest -g -O2    conftest.o -lboost_program_options--mt-d  >&5
/usr/bin/ld: cannot find -lboost_program_options--mt-d
collect2: error: ld returned 1 exit status
configure:16353: $? = 1
configure:16338: re-using the existing conftest.o
configure:16344: g++ -o conftest -g -O2    -L/lib conftest.o -lboost_program_options--mt-d  >&5
/usr/bin/ld: cannot find -lboost_program_options--mt-d
/usr/bin/ld: skipping incompatible /lib/libm.so when searching for -lm
collect2: error: ld returned 1 exit status
configure:16353: $? = 1
configure:16338: re-using the existing conftest.o
configure:16344: g++ -o conftest -g -O2    -L/lib64 conftest.o -lboost_program_options--mt-d  >&5
/usr/bin/ld: cannot find -lboost_program_options--mt-d
collect2: error: ld returned 1 exit status
configure:16353: $? = 1
configure:16338: re-using the existing conftest.o
configure:16344: g++ -o conftest -g -O2    conftest.o -lboost_program_options--d  >&5
/usr/bin/ld: cannot find -lboost_program_options--d
collect2: error: ld returned 1 exit status
configure:16353: $? = 1
configure:16338: re-using the existing conftest.o
configure:16344: g++ -o conftest -g -O2    -L/usr/local/lib conftest.o -lboost_program_options--d  >&5
/usr/bin/ld: cannot find -lboost_program_options--d
collect2: error: ld returned 1 exit status
configure:16353: $? = 1
configure:16338: re-using the existing conftest.o
configure:16344: g++ -o conftest -g -O2    -L/usr/local/lib64 conftest.o -lboost_program_options--d  >&5
/usr/bin/ld: cannot find -lboost_program_options--d
collect2: error: ld returned 1 exit status
configure:16353: $? = 1
configure:16338: re-using the existing conftest.o
configure:16344: g++ -o conftest -g -O2    -L/usr/local/libexec conftest.o -lboost_program_options--d  >&5
/usr/bin/ld: cannot find -lboost_program_options--d
collect2: error: ld returned 1 exit status
configure:16353: $? = 1
configure:16338: re-using the existing conftest.o
configure:16344: g++ -o conftest -g -O2    -L/usr/lib conftest.o -lboost_program_options--d  >&5
/usr/bin/ld: cannot find -lboost_program_options--d
/usr/bin/ld: skipping incompatible /usr/lib/libm.so when searching for -lm
collect2: error: ld returned 1 exit status
configure:16353: $? = 1
configure:16338: re-using the existing conftest.o
configure:16344: g++ -o conftest -g -O2    -L/usr/lib64 conftest.o -lboost_program_options--d  >&5
/usr/bin/ld: cannot find -lboost_program_options--d
collect2: error: ld returned 1 exit status
configure:16353: $? = 1
configure:16338: re-using the existing conftest.o
configure:16344: g++ -o conftest -g -O2    -L/usr/libexec conftest.o -lboost_program_options--d  >&5
/usr/bin/ld: cannot find -lboost_program_options--d
collect2: error: ld returned 1 exit status
configure:16353: $? = 1
configure:16338: re-using the existing conftest.o
configure:16344: g++ -o conftest -g -O2    conftest.o -lboost_program_options--d  >&5
/usr/bin/ld: cannot find -lboost_program_options--d
collect2: error: ld returned 1 exit status
configure:16353: $? = 1
configure:16338: re-using the existing conftest.o
configure:16344: g++ -o conftest -g -O2    -L/lib conftest.o -lboost_program_options--d  >&5
/usr/bin/ld: cannot find -lboost_program_options--d
/usr/bin/ld: skipping incompatible /lib/libm.so when searching for -lm
collect2: error: ld returned 1 exit status
configure:16353: $? = 1
configure:16338: re-using the existing conftest.o
configure:16344: g++ -o conftest -g -O2    -L/lib64 conftest.o -lboost_program_options--d  >&5
/usr/bin/ld: cannot find -lboost_program_options--d
collect2: error: ld returned 1 exit status
configure:16353: $? = 1
configure:16338: re-using the existing conftest.o
configure:16344: g++ -o conftest -g -O2    conftest.o -lboost_program_options-mt-1_60  >&5
/usr/bin/ld: cannot find -lboost_program_options-mt-1_60
collect2: error: ld returned 1 exit status
configure:16353: $? = 1
configure:16338: re-using the existing conftest.o
configure:16344: g++ -o conftest -g -O2    -L/usr/local/lib conftest.o -lboost_program_options-mt-1_60  >&5
/usr/bin/ld: cannot find -lboost_program_options-mt-1_60
collect2: error: ld returned 1 exit status
configure:16353: $? = 1
configure:16338: re-using the existing conftest.o
configure:16344: g++ -o conftest -g -O2    -L/usr/local/lib64 conftest.o -lboost_program_options-mt-1_60  >&5
/usr/bin/ld: cannot find -lboost_program_options-mt-1_60
collect2: error: ld returned 1 exit status
configure:16353: $? = 1
configure:16338: re-using the existing conftest.o
configure:16344: g++ -o conftest -g -O2    -L/usr/local/libexec conftest.o -lboost_program_options-mt-1_60  >&5
/usr/bin/ld: cannot find -lboost_program_options-mt-1_60
collect2: error: ld returned 1 exit status
configure:16353: $? = 1
configure:16338: re-using the existing conftest.o
configure:16344: g++ -o conftest -g -O2    -L/usr/lib conftest.o -lboost_program_options-mt-1_60  >&5
/usr/bin/ld: cannot find -lboost_program_options-mt-1_60
/usr/bin/ld: skipping incompatible /usr/lib/libm.so when searching for -lm
collect2: error: ld returned 1 exit status
configure:16353: $? = 1
configure:16338: re-using the existing conftest.o
configure:16344: g++ -o conftest -g -O2    -L/usr/lib64 conftest.o -lboost_program_options-mt-1_60  >&5
/usr/bin/ld: cannot find -lboost_program_options-mt-1_60
collect2: error: ld returned 1 exit status
configure:16353: $? = 1
configure:16338: re-using the existing conftest.o
configure:16344: g++ -o conftest -g -O2    -L/usr/libexec conftest.o -lboost_program_options-mt-1_60  >&5
/usr/bin/ld: cannot find -lboost_program_options-mt-1_60
collect2: error: ld returned 1 exit status
configure:16353: $? = 1
configure:16338: re-using the existing conftest.o
configure:16344: g++ -o conftest -g -O2    conftest.o -lboost_program_options-mt-1_60  >&5
/usr/bin/ld: cannot find -lboost_program_options-mt-1_60
collect2: error: ld returned 1 exit status
configure:16353: $? = 1
configure:16338: re-using the existing conftest.o
configure:16344: g++ -o conftest -g -O2    -L/lib conftest.o -lboost_program_options-mt-1_60  >&5
/usr/bin/ld: cannot find -lboost_program_options-mt-1_60
/usr/bin/ld: skipping incompatible /lib/libm.so when searching for -lm
collect2: error: ld returned 1 exit status
configure:16353: $? = 1
configure:16338: re-using the existing conftest.o
configure:16344: g++ -o conftest -g -O2    -L/lib64 conftest.o -lboost_program_options-mt-1_60  >&5
/usr/bin/ld: cannot find -lboost_program_options-mt-1_60
collect2: error: ld returned 1 exit status
configure:16353: $? = 1
configure:16338: re-using the existing conftest.o
configure:16344: g++ -o conftest -g -O2    conftest.o -lboost_program_options-1_60  >&5
/usr/bin/ld: cannot find -lboost_program_options-1_60
collect2: error: ld returned 1 exit status
configure:16353: $? = 1
configure:16338: re-using the existing conftest.o
configure:16344: g++ -o conftest -g -O2    -L/usr/local/lib conftest.o -lboost_program_options-1_60  >&5
/usr/bin/ld: cannot find -lboost_program_options-1_60
collect2: error: ld returned 1 exit status
configure:16353: $? = 1
configure:16338: re-using the existing conftest.o
configure:16344: g++ -o conftest -g -O2    -L/usr/local/lib64 conftest.o -lboost_program_options-1_60  >&5
/usr/bin/ld: cannot find -lboost_program_options-1_60
collect2: error: ld returned 1 exit status
configure:16353: $? = 1
configure:16338: re-using the existing conftest.o
configure:16344: g++ -o conftest -g -O2    -L/usr/local/libexec conftest.o -lboost_program_options-1_60  >&5
/usr/bin/ld: cannot find -lboost_program_options-1_60
collect2: error: ld returned 1 exit status
configure:16353: $? = 1
configure:16338: re-using the existing conftest.o
configure:16344: g++ -o conftest -g -O2    -L/usr/lib conftest.o -lboost_program_options-1_60  >&5
/usr/bin/ld: cannot find -lboost_program_options-1_60
/usr/bin/ld: skipping incompatible /usr/lib/libm.so when searching for -lm
collect2: error: ld returned 1 exit status
configure:16353: $? = 1
configure:16338: re-using the existing conftest.o
configure:16344: g++ -o conftest -g -O2    -L/usr/lib64 conftest.o -lboost_program_options-1_60  >&5
/usr/bin/ld: cannot find -lboost_program_options-1_60
collect2: error: ld returned 1 exit status
configure:16353: $? = 1
configure:16338: re-using the existing conftest.o
configure:16344: g++ -o conftest -g -O2    -L/usr/libexec conftest.o -lboost_program_options-1_60  >&5
/usr/bin/ld: cannot find -lboost_program_options-1_60
collect2: error: ld returned 1 exit status
configure:16353: $? = 1
configure:16338: re-using the existing conftest.o
configure:16344: g++ -o conftest -g -O2    conftest.o -lboost_program_options-1_60  >&5
/usr/bin/ld: cannot find -lboost_program_options-1_60
collect2: error: ld returned 1 exit status
configure:16353: $? = 1
configure:16338: re-using the existing conftest.o
configure:16344: g++ -o conftest -g -O2    -L/lib conftest.o -lboost_program_options-1_60  >&5
/usr/bin/ld: cannot find -lboost_program_options-1_60
/usr/bin/ld: skipping incompatible /lib/libm.so when searching for -lm
collect2: error: ld returned 1 exit status
configure:16353: $? = 1
configure:16338: re-using the existing conftest.o
configure:16344: g++ -o conftest -g -O2    -L/lib64 conftest.o -lboost_program_options-1_60  >&5
/usr/bin/ld: cannot find -lboost_program_options-1_60
collect2: error: ld returned 1 exit status
configure:16353: $? = 1
configure:16338: re-using the existing conftest.o
configure:16344: g++ -o conftest -g -O2    conftest.o -lboost_program_options-mt-d-1_60  >&5
/usr/bin/ld: cannot find -lboost_program_options-mt-d-1_60
collect2: error: ld returned 1 exit status
configure:16353: $? = 1
configure:16338: re-using the existing conftest.o
configure:16344: g++ -o conftest -g -O2    -L/usr/local/lib conftest.o -lboost_program_options-mt-d-1_60  >&5
/usr/bin/ld: cannot find -lboost_program_options-mt-d-1_60
collect2: error: ld returned 1 exit status
configure:16353: $? = 1
configure:16338: re-using the existing conftest.o
configure:16344: g++ -o conftest -g -O2    -L/usr/local/lib64 conftest.o -lboost_program_options-mt-d-1_60  >&5
/usr/bin/ld: cannot find -lboost_program_options-mt-d-1_60
collect2: error: ld returned 1 exit status
configure:16353: $? = 1
configure:16338: re-using the existing conftest.o
configure:16344: g++ -o conftest -g -O2    -L/usr/local/libexec conftest.o -lboost_program_options-mt-d-1_60  >&5
/usr/bin/ld: cannot find -lboost_program_options-mt-d-1_60
collect2: error: ld returned 1 exit status
configure:16353: $? = 1
configure:16338: re-using the existing conftest.o
configure:16344: g++ -o conftest -g -O2    -L/usr/lib conftest.o -lboost_program_options-mt-d-1_60  >&5
/usr/bin/ld: cannot find -lboost_program_options-mt-d-1_60
/usr/bin/ld: skipping incompatible /usr/lib/libm.so when searching for -lm
collect2: error: ld returned 1 exit status
configure:16353: $? = 1
configure:16338: re-using the existing conftest.o
configure:16344: g++ -o conftest -g -O2    -L/usr/lib64 conftest.o -lboost_program_options-mt-d-1_60  >&5
/usr/bin/ld: cannot find -lboost_program_options-mt-d-1_60
collect2: error: ld returned 1 exit status
configure:16353: $? = 1
configure:16338: re-using the existing conftest.o
configure:16344: g++ -o conftest -g -O2    -L/usr/libexec conftest.o -lboost_program_options-mt-d-1_60  >&5
/usr/bin/ld: cannot find -lboost_program_options-mt-d-1_60
collect2: error: ld returned 1 exit status
configure:16353: $? = 1
configure:16338: re-using the existing conftest.o
configure:16344: g++ -o conftest -g -O2    conftest.o -lboost_program_options-mt-d-1_60  >&5
/usr/bin/ld: cannot find -lboost_program_options-mt-d-1_60
collect2: error: ld returned 1 exit status
configure:16353: $? = 1
configure:16338: re-using the existing conftest.o
configure:16344: g++ -o conftest -g -O2    -L/lib conftest.o -lboost_program_options-mt-d-1_60  >&5
/usr/bin/ld: cannot find -lboost_program_options-mt-d-1_60
/usr/bin/ld: skipping incompatible /lib/libm.so when searching for -lm
collect2: error: ld returned 1 exit status
configure:16353: $? = 1
configure:16338: re-using the existing conftest.o
configure:16344: g++ -o conftest -g -O2    -L/lib64 conftest.o -lboost_program_options-mt-d-1_60  >&5
/usr/bin/ld: cannot find -lboost_program_options-mt-d-1_60
collect2: error: ld returned 1 exit status
configure:16353: $? = 1
configure:16338: re-using the existing conftest.o
configure:16344: g++ -o conftest -g -O2    conftest.o -lboost_program_options-d-1_60  >&5
/usr/bin/ld: cannot find -lboost_program_options-d-1_60
collect2: error: ld returned 1 exit status
configure:16353: $? = 1
configure:16338: re-using the existing conftest.o
configure:16344: g++ -o conftest -g -O2    -L/usr/local/lib conftest.o -lboost_program_options-d-1_60  >&5
/usr/bin/ld: cannot find -lboost_program_options-d-1_60
collect2: error: ld returned 1 exit status
configure:16353: $? = 1
configure:16338: re-using the existing conftest.o
configure:16344: g++ -o conftest -g -O2    -L/usr/local/lib64 conftest.o -lboost_program_options-d-1_60  >&5
/usr/bin/ld: cannot find -lboost_program_options-d-1_60
collect2: error: ld returned 1 exit status
configure:16353: $? = 1
configure:16338: re-using the existing conftest.o
configure:16344: g++ -o conftest -g -O2    -L/usr/local/libexec conftest.o -lboost_program_options-d-1_60  >&5
/usr/bin/ld: cannot find -lboost_program_options-d-1_60
collect2: error: ld returned 1 exit status
configure:16353: $? = 1
configure:16338: re-using the existing conftest.o
configure:16344: g++ -o conftest -g -O2    -L/usr/lib conftest.o -lboost_program_options-d-1_60  >&5
/usr/bin/ld: cannot find -lboost_program_options-d-1_60
/usr/bin/ld: skipping incompatible /usr/lib/libm.so when searching for -lm
collect2: error: ld returned 1 exit status
configure:16353: $? = 1
configure:16338: re-using the existing conftest.o
configure:16344: g++ -o conftest -g -O2    -L/usr/lib64 conftest.o -lboost_program_options-d-1_60  >&5
/usr/bin/ld: cannot find -lboost_program_options-d-1_60
collect2: error: ld returned 1 exit status
configure:16353: $? = 1
configure:16338: re-using the existing conftest.o
configure:16344: g++ -o conftest -g -O2    -L/usr/libexec conftest.o -lboost_program_options-d-1_60  >&5
/usr/bin/ld: cannot find -lboost_program_options-d-1_60
collect2: error: ld returned 1 exit status
configure:16353: $? = 1
configure:16338: re-using the existing conftest.o
configure:16344: g++ -o conftest -g -O2    conftest.o -lboost_program_options-d-1_60  >&5
/usr/bin/ld: cannot find -lboost_program_options-d-1_60
collect2: error: ld returned 1 exit status
configure:16353: $? = 1
configure:16338: re-using the existing conftest.o
configure:16344: g++ -o conftest -g -O2    -L/lib conftest.o -lboost_program_options-d-1_60  >&5
/usr/bin/ld: cannot find -lboost_program_options-d-1_60
/usr/bin/ld: skipping incompatible /lib/libm.so when searching for -lm
collect2: error: ld returned 1 exit status
configure:16353: $? = 1
configure:16338: re-using the existing conftest.o
configure:16344: g++ -o conftest -g -O2    -L/lib64 conftest.o -lboost_program_options-d-1_60  >&5
/usr/bin/ld: cannot find -lboost_program_options-d-1_60
collect2: error: ld returned 1 exit status
configure:16353: $? = 1
configure:16338: re-using the existing conftest.o
configure:16344: g++ -o conftest -g -O2    conftest.o -lboost_program_options-mt  >&5
/usr/bin/ld: cannot find -lboost_program_options-mt
collect2: error: ld returned 1 exit status
configure:16353: $? = 1
configure:16338: re-using the existing conftest.o
configure:16344: g++ -o conftest -g -O2    -L/usr/local/lib conftest.o -lboost_program_options-mt  >&5
/usr/bin/ld: cannot find -lboost_program_options-mt
collect2: error: ld returned 1 exit status
configure:16353: $? = 1
configure:16338: re-using the existing conftest.o
configure:16344: g++ -o conftest -g -O2    -L/usr/local/lib64 conftest.o -lboost_program_options-mt  >&5
/usr/bin/ld: cannot find -lboost_program_options-mt
collect2: error: ld returned 1 exit status
configure:16353: $? = 1
configure:16338: re-using the existing conftest.o
configure:16344: g++ -o conftest -g -O2    -L/usr/local/libexec conftest.o -lboost_program_options-mt  >&5
/usr/bin/ld: cannot find -lboost_program_options-mt
collect2: error: ld returned 1 exit status
configure:16353: $? = 1
configure:16338: re-using the existing conftest.o
configure:16344: g++ -o conftest -g -O2    -L/usr/lib conftest.o -lboost_program_options-mt  >&5
/usr/bin/ld: cannot find -lboost_program_options-mt
/usr/bin/ld: skipping incompatible /usr/lib/libm.so when searching for -lm
collect2: error: ld returned 1 exit status
configure:16353: $? = 1
configure:16338: re-using the existing conftest.o
configure:16344: g++ -o conftest -g -O2    -L/usr/lib64 conftest.o -lboost_program_options-mt  >&5
/usr/bin/ld: cannot find -lboost_program_options-mt
collect2: error: ld returned 1 exit status
configure:16353: $? = 1
configure:16338: re-using the existing conftest.o
configure:16344: g++ -o conftest -g -O2    -L/usr/libexec conftest.o -lboost_program_options-mt  >&5
/usr/bin/ld: cannot find -lboost_program_options-mt
collect2: error: ld returned 1 exit status
configure:16353: $? = 1
configure:16338: re-using the existing conftest.o
configure:16344: g++ -o conftest -g -O2    conftest.o -lboost_program_options-mt  >&5
/usr/bin/ld: cannot find -lboost_program_options-mt
collect2: error: ld returned 1 exit status
configure:16353: $? = 1
configure:16338: re-using the existing conftest.o
configure:16344: g++ -o conftest -g -O2    -L/lib conftest.o -lboost_program_options-mt  >&5
/usr/bin/ld: cannot find -lboost_program_options-mt
/usr/bin/ld: skipping incompatible /lib/libm.so when searching for -lm
collect2: error: ld returned 1 exit status
configure:16353: $? = 1
configure:16338: re-using the existing conftest.o
configure:16344: g++ -o conftest -g -O2    -L/lib64 conftest.o -lboost_program_options-mt  >&5
/usr/bin/ld: cannot find -lboost_program_options-mt
collect2: error: ld returned 1 exit status
configure:16353: $? = 1
configure:16338: re-using the existing conftest.o
configure:16344: g++ -o conftest -g -O2    conftest.o -lboost_program_options  >&5
configure:16353: $? = 0
configure:16464: result: yes
configure:16489: checking glm/glm.hpp usability
configure:16489: g++ -c -g -O2  conftest.cpp >&5
configure:16489: $? = 0
configure:16489: result: yes
configure:16489: checking glm/glm.hpp presence
configure:16489: g++ -E  conftest.cpp
configure:16489: $? = 0
configure:16489: result: yes
configure:16489: checking for glm/glm.hpp
configure:16489: result: yes
configure:16553: checking for pkg-config
configure:16571: found /usr/bin/pkg-config
configure:16583: result: /usr/bin/pkg-config
configure:16608: checking pkg-config is at least version 0.9.0
configure:16611: result: yes
configure:16621: checking for gl
configure:16628: $PKG_CONFIG --exists --print-errors "gl"
configure:16631: $? = 0
configure:16645: $PKG_CONFIG --exists --print-errors "gl"
configure:16648: $? = 0
configure:16706: result: yes
configure:16712: checking for glew
configure:16719: $PKG_CONFIG --exists --print-errors "glew"
configure:16722: $? = 0
configure:16736: $PKG_CONFIG --exists --print-errors "glew"
configure:16739: $? = 0
configure:16797: result: yes
configure:16803: checking for sdl2
configure:16810: $PKG_CONFIG --exists --print-errors "sdl2"
configure:16813: $? = 0
configure:16827: $PKG_CONFIG --exists --print-errors "sdl2"
configure:16830: $? = 0
configure:16888: result: yes
configure:17004: checking that generated files are newer than configure
configure:17010: result: done
configure:17037: creating ./config.status

## ---------------------- ##
## Running config.status. ##
## ---------------------- ##

This file was extended by ShaderExamples config.status 0.1, which was
generated by GNU Autoconf 2.69.  Invocation command line was

  CONFIG_FILES    = 
  CONFIG_HEADERS  = 
  CONFIG_LINKS    = 
  CONFIG_COMMANDS = 
  $ ./config.status 

on moco204L-022.university.brighton.ac.uk

config.status:1166: creating Makefile
config.status:1166: creating src/Makefile
config.status:1166: creating shaders/Makefile
config.status:1166: creating config.h
config.status:1395: executing depfiles commands
config.status:1395: executing libtool commands

## ---------------- ##
## Cache variables. ##
## ---------------- ##

ac_cv_build=x86_64-unknown-linux-gnu
ac_cv_c_compiler_gnu=yes
ac_cv_cxx_compiler_gnu=yes
ac_cv_env_BOOST_ROOT_set=
ac_cv_env_BOOST_ROOT_value=
ac_cv_env_CCC_set=
ac_cv_env_CCC_value=
ac_cv_env_CC_set=
ac_cv_env_CC_value=
ac_cv_env_CFLAGS_set=
ac_cv_env_CFLAGS_value=
ac_cv_env_CPPFLAGS_set=
ac_cv_env_CPPFLAGS_value=
ac_cv_env_CPP_set=
ac_cv_env_CPP_value=
ac_cv_env_CXXCPP_set=
ac_cv_env_CXXCPP_value=
ac_cv_env_CXXFLAGS_set=
ac_cv_env_CXXFLAGS_value=
ac_cv_env_CXX_set=
ac_cv_env_CXX_value=
ac_cv_env_LDFLAGS_set=
ac_cv_env_LDFLAGS_value=
ac_cv_env_LIBS_set=
ac_cv_env_LIBS_value=
ac_cv_env_LT_SYS_LIBRARY_PATH_set=
ac_cv_env_LT_SYS_LIBRARY_PATH_value=
ac_cv_env_PKG_CONFIG_LIBDIR_set=
ac_cv_env_PKG_CONFIG_LIBDIR_value=
ac_cv_env_PKG_CONFIG_PATH_set=
ac_cv_env_PKG_CONFIG_PATH_value=
ac_cv_env_PKG_CONFIG_set=
ac_cv_env_PKG_CONFIG_value=
ac_cv_env_build_alias_set=
ac_cv_env_build_alias_value=
ac_cv_env_gl_CFLAGS_set=
ac_cv_env_gl_CFLAGS_value=
ac_cv_env_gl_LIBS_set=
ac_cv_env_gl_LIBS_value=
ac_cv_env_glew_CFLAGS_set=
ac_cv_env_glew_CFLAGS_value=
ac_cv_env_glew_LIBS_set=
ac_cv_env_glew_LIBS_value=
ac_cv_env_host_alias_set=
ac_cv_env_host_alias_value=
ac_cv_env_sdl2_CFLAGS_set=
ac_cv_env_sdl2_CFLAGS_value=
ac_cv_env_sdl2_LIBS_set=
ac_cv_env_sdl2_LIBS_value=
ac_cv_env_target_alias_set=
ac_cv_env_target_alias_value=
ac_cv_header_boost_program_options_hpp=yes
ac_cv_header_dlfcn_h=yes
ac_cv_header_glm_glm_hpp=yes
ac_cv_header_inttypes_h=yes
ac_cv_header_memory_h=yes
ac_cv_header_stdc=yes
ac_cv_header_stdint_h=yes
ac_cv_header_stdlib_h=yes
ac_cv_header_string_h=yes
ac_cv_header_strings_h=yes
ac_cv_header_sys_stat_h=yes
ac_cv_header_sys_types_h=yes
ac_cv_header_unistd_h=yes
ac_cv_host=x86_64-unknown-linux-gnu
ac_cv_objext=o
ac_cv_path_EGREP='/usr/bin/grep -E'
ac_cv_path_FGREP='/usr/bin/grep -F'
ac_cv_path_GREP=/usr/bin/grep
ac_cv_path_SED=/usr/bin/sed
ac_cv_path_ac_pt_PKG_CONFIG=/usr/bin/pkg-config
ac_cv_path_install='/usr/bin/install -c'
ac_cv_path_lt_DD=/usr/bin/dd
ac_cv_path_mkdir=/usr/bin/mkdir
ac_cv_prog_AWK=gawk
ac_cv_prog_CPP='gcc -E'
ac_cv_prog_CXXCPP='g++ -E'
ac_cv_prog_ac_ct_AR=ar
ac_cv_prog_ac_ct_CC=gcc
ac_cv_prog_ac_ct_CXX=g++
ac_cv_prog_ac_ct_OBJDUMP=objdump
ac_cv_prog_ac_ct_RANLIB=ranlib
ac_cv_prog_ac_ct_STRIP=strip
ac_cv_prog_cc_c89=
ac_cv_prog_cc_g=yes
ac_cv_prog_cxx_g=yes
ac_cv_prog_make_make_set=yes
am_cv_CC_dependencies_compiler_type=gcc3
am_cv_CXX_dependencies_compiler_type=gcc3
am_cv_make_support_nested_variables=yes
am_cv_prog_cc_c_o=yes
boost_cv_inc_path=yes
boost_cv_lib_program_options=yes
boost_cv_lib_program_options_LDPATH=
boost_cv_lib_program_options_LIBS=-lboost_program_options
boost_cv_lib_tag=
boost_cv_lib_version=1_60
boost_cv_rpath_link_ldflag=
lt_cv_ar_at_file=@
lt_cv_archive_cmds_need_lc=no
lt_cv_deplibs_check_method=pass_all
lt_cv_file_magic_cmd='$MAGIC_CMD'
lt_cv_file_magic_test_file=
lt_cv_ld_reload_flag=-r
lt_cv_nm_interface='BSD nm'
lt_cv_objdir=.libs
lt_cv_path_LD=/usr/bin/ld
lt_cv_path_LDCXX='/usr/bin/ld -m elf_x86_64'
lt_cv_path_NM='/usr/bin/nm -B'
lt_cv_path_mainfest_tool=no
lt_cv_prog_compiler_c_o=yes
lt_cv_prog_compiler_c_o_CXX=yes
lt_cv_prog_compiler_pic='-fPIC -DPIC'
lt_cv_prog_compiler_pic_CXX='-fPIC -DPIC'
lt_cv_prog_compiler_pic_works=yes
lt_cv_prog_compiler_pic_works_CXX=yes
lt_cv_prog_compiler_rtti_exceptions=no
lt_cv_prog_compiler_static_works=no
lt_cv_prog_compiler_static_works_CXX=no
lt_cv_prog_gnu_ld=yes
lt_cv_prog_gnu_ldcxx=yes
lt_cv_sharedlib_from_linklib_cmd='printf %s\n'
lt_cv_shlibpath_overrides_runpath=no
lt_cv_sys_global_symbol_pipe='sed -n -e '\''s/^.*[	 ]\([ABCDGIRSTW][ABCDGIRSTW]*\)[	 ][	 ]*\([_A-Za-z][_A-Za-z0-9]*\)$/\1 \2 \2/p'\'' | sed '\''/ __gnu_lto/d'\'''
lt_cv_sys_global_symbol_to_c_name_address='sed -n -e '\''s/^: \(.*\) .*$/  {"\1", (void *) 0},/p'\'' -e '\''s/^[ABCDGIRSTW][ABCDGIRSTW]* .* \(.*\)$/  {"\1", (void *) \&\1},/p'\'''
lt_cv_sys_global_symbol_to_c_name_address_lib_prefix='sed -n -e '\''s/^: \(.*\) .*$/  {"\1", (void *) 0},/p'\'' -e '\''s/^[ABCDGIRSTW][ABCDGIRSTW]* .* \(lib.*\)$/  {"\1", (void *) \&\1},/p'\'' -e '\''s/^[ABCDGIRSTW][ABCDGIRSTW]* .* \(.*\)$/  {"lib\1", (void *) \&\1},/p'\'''
lt_cv_sys_global_symbol_to_cdecl='sed -n -e '\''s/^T .* \(.*\)$/extern int \1();/p'\'' -e '\''s/^[ABCDGIRSTW][ABCDGIRSTW]* .* \(.*\)$/extern char \1;/p'\'''
lt_cv_sys_global_symbol_to_import=
lt_cv_sys_max_cmd_len=1572864
lt_cv_to_host_file_cmd=func_convert_file_noop
lt_cv_to_tool_file_cmd=func_convert_file_noop
lt_cv_truncate_bin='/usr/bin/dd bs=4096 count=1'
pkg_cv_gl_CFLAGS=-I/usr/include/libdrm
pkg_cv_gl_LIBS=-lGL
pkg_cv_glew_CFLAGS=-I/usr/include/libdrm
pkg_cv_glew_LIBS='-lGLEW -lGLU -lGL'
pkg_cv_sdl2_CFLAGS='-D_REENTRANT -I/usr/include/SDL2'
pkg_cv_sdl2_LIBS=-lSDL2

## ----------------- ##
## Output variables. ##
## ----------------- ##

ACLOCAL='${SHELL} /home/ee105/OpenGl/OGtest/glex/missing aclocal-1.15'
AMDEPBACKSLASH='\'
AMDEP_FALSE='#'
AMDEP_TRUE=''
AMTAR='$${TAR-tar}'
AM_BACKSLASH='\'
AM_DEFAULT_V='$(AM_DEFAULT_VERBOSITY)'
AM_DEFAULT_VERBOSITY='1'
AM_V='$(V)'
AR='ar'
AUTOCONF='${SHELL} /home/ee105/OpenGl/OGtest/glex/missing autoconf'
AUTOHEADER='${SHELL} /home/ee105/OpenGl/OGtest/glex/missing autoheader'
AUTOMAKE='${SHELL} /home/ee105/OpenGl/OGtest/glex/missing automake-1.15'
AWK='gawk'
BOOST_CPPFLAGS=''
BOOST_LDPATH=''
BOOST_PROGRAM_OPTIONS_LDFLAGS=''
BOOST_PROGRAM_OPTIONS_LDPATH=''
BOOST_PROGRAM_OPTIONS_LIBS='-lboost_program_options'
BOOST_ROOT=''
CC='gcc'
CCDEPMODE='depmode=gcc3'
CFLAGS='-g -O2'
CPP='gcc -E'
CPPFLAGS=''
CXX='g++'
CXXCPP='g++ -E'
CXXDEPMODE='depmode=gcc3'
CXXFLAGS='-g -O2'
CYGPATH_W='echo'
DEFS='-DHAVE_CONFIG_H'
DEPDIR='.deps'
DISTCHECK_CONFIGURE_FLAGS=' '\''--with-boost='\'''
DLLTOOL='false'
DSYMUTIL=''
DUMPBIN=''
ECHO_C=''
ECHO_N='-n'
ECHO_T=''
EGREP='/usr/bin/grep -E'
EXEEXT=''
FGREP='/usr/bin/grep -F'
GREP='/usr/bin/grep'
INSTALL_DATA='${INSTALL} -m 644'
INSTALL_PROGRAM='${INSTALL}'
INSTALL_SCRIPT='${INSTALL}'
INSTALL_STRIP_PROGRAM='$(install_sh) -c -s'
LD='/usr/bin/ld -m elf_x86_64'
LDFLAGS=''
LIBOBJS=''
LIBS=''
LIBTOOL='$(SHELL) $(top_builddir)/libtool'
LIPO=''
LN_S='ln -s'
LTLIBOBJS=''
LT_SYS_LIBRARY_PATH=''
MAKEINFO='${SHELL} /home/ee105/OpenGl/OGtest/glex/missing makeinfo'
MANIFEST_TOOL=':'
MKDIR_P='/usr/bin/mkdir -p'
NM='/usr/bin/nm -B'
NMEDIT=''
OBJDUMP='objdump'
OBJEXT='o'
OTOOL64=''
OTOOL=''
PACKAGE='shaderexamples'
PACKAGE_BUGREPORT=''
PACKAGE_NAME='ShaderExamples'
PACKAGE_STRING='ShaderExamples 0.1'
PACKAGE_TARNAME='shaderexamples'
PACKAGE_URL=''
PACKAGE_VERSION='0.1'
PATH_SEPARATOR=':'
PKG_CONFIG='/usr/bin/pkg-config'
PKG_CONFIG_LIBDIR=''
PKG_CONFIG_PATH=''
RANLIB='ranlib'
SED='/usr/bin/sed'
SET_MAKE=''
SHELL='/bin/sh'
STRIP='strip'
VERSION='0.1'
ac_ct_AR='ar'
ac_ct_CC='gcc'
ac_ct_CXX='g++'
ac_ct_DUMPBIN=''
am__EXEEXT_FALSE=''
am__EXEEXT_TRUE='#'
am__fastdepCC_FALSE='#'
am__fastdepCC_TRUE=''
am__fastdepCXX_FALSE='#'
am__fastdepCXX_TRUE=''
am__include='include'
am__isrc=''
am__leading_dot='.'
am__nodep='_no'
am__quote=''
am__tar='$${TAR-tar} chof - "$$tardir"'
am__untar='$${TAR-tar} xf -'
bindir='${exec_prefix}/bin'
build='x86_64-unknown-linux-gnu'
build_alias=''
build_cpu='x86_64'
build_os='linux-gnu'
build_vendor='unknown'
datadir='${datarootdir}'
datarootdir='${prefix}/share'
docdir='${datarootdir}/doc/${PACKAGE_TARNAME}'
dvidir='${docdir}'
exec_prefix='${prefix}'
gl_CFLAGS='-I/usr/include/libdrm'
gl_LIBS='-lGL'
glew_CFLAGS='-I/usr/include/libdrm'
glew_LIBS='-lGLEW -lGLU -lGL'
host='x86_64-unknown-linux-gnu'
host_alias=''
host_cpu='x86_64'
host_os='linux-gnu'
host_vendor='unknown'
htmldir='${docdir}'
includedir='${prefix}/include'
infodir='${datarootdir}/info'
install_sh='${SHELL} /home/ee105/OpenGl/OGtest/glex/install-sh'
libdir='${exec_prefix}/lib'
libexecdir='${exec_prefix}/libexec'
localedir='${datarootdir}/locale'
localstatedir='${prefix}/var'
mandir='${datarootdir}/man'
mkdir_p='$(MKDIR_P)'
oldincludedir='/usr/include'
pdfdir='${docdir}'
prefix='/usr/local'
program_transform_name='s,x,x,'
psdir='${docdir}'
sbindir='${exec_prefix}/sbin'
sdl2_CFLAGS='-D_REENTRANT -I/usr/include/SDL2'
sdl2_LIBS='-lSDL2'
sharedstatedir='${prefix}/com'
sysconfdir='${prefix}/etc'
target_alias=''

## ----------- ##
## confdefs.h. ##
## ----------- ##

/* confdefs.h */
#define PACKAGE_NAME "ShaderExamples"
#define PACKAGE_TARNAME "shaderexamples"
#define PACKAGE_VERSION "0.1"
#define PACKAGE_STRING "ShaderExamples 0.1"
#define PACKAGE_BUGREPORT ""
#define PACKAGE_URL ""
#define PACKAGE "shaderexamples"
#define VERSION "0.1"
#define STDC_HEADERS 1
#define HAVE_SYS_TYPES_H 1
#define HAVE_SYS_STAT_H 1
#define HAVE_STDLIB_H 1
#define HAVE_STRING_H 1
#define HAVE_MEMORY_H 1
#define HAVE_STRINGS_H 1
#define HAVE_INTTYPES_H 1
#define HAVE_STDINT_H 1
#define HAVE_UNISTD_H 1
#define HAVE_DLFCN_H 1
#define LT_OBJDIR ".libs/"
#define HAVE_BOOST 1
#define HAVE_BOOST_PROGRAM_OPTIONS_HPP 1

configure: exit 0

## ---------------------- ##
## Running config.status. ##
## ---------------------- ##

This file was extended by ShaderExamples config.status 0.1, which was
generated by GNU Autoconf 2.69.  Invocation command line was

  CONFIG_FILES    = 
  CONFIG_HEADERS  = 
  CONFIG_LINKS    = 
  CONFIG_COMMANDS = 
  $ ./config.status src/Makefile depfiles

on moco204L-021.university.brighton.ac.uk

config.status:1166: creating src/Makefile
config.status:1395: executing depfiles commands
